==6480== Memcheck, a memory error detector
==6480== Copyright (C) 2002-2015, and GNU GPL'd, by Julian Seward et al.
==6480== Using Valgrind-3.11.0 and LibVEX; rerun with -h for copyright info
==6480== Command: /home/cognitive/torch/install/bin/luajit -e package.path="/home/cognitive/.luarocks/share/lua/5.1/?.lua;/home/cognitive/.luarocks/share/lua/5.1/?/init.lua;/home/cognitive/torch/install/share/lua/5.1/?.lua;/home/cognitive/torch/install/share/lua/5.1/?/init.lua;"..package.path;\ package.cpath="/home/cognitive/.luarocks/lib/lua/5.1/?.so;/home/cognitive/torch/install/lib/lua/5.1/?.so;"..package.cpath -e local\ k,l,_=pcall(require,"luarocks.loader")\ _=k\ and\ l.add_context("trepl","scm-1") /home/cognitive/torch/install/lib/luarocks/rocks/trepl/scm-1/bin/th test.lua
==6480== 
==6480== Conditional jump or move depends on uninitialised value(s)
==6480==    at 0x417373: lj_str_new (in /home/cognitive/torch/install/bin/luajit)
==6480==    by 0x45F3DA: lua_pushlstring (in /home/cognitive/torch/install/bin/luajit)
==6480==    by 0x472EE1: luaL_gsub (in /home/cognitive/torch/install/bin/luajit)
==6480==    by 0x4732CD: luaopen_package (in /home/cognitive/torch/install/bin/luajit)
==6480==    by 0x477979: lj_BC_FUNCC (in /home/cognitive/torch/install/bin/luajit)
==6480==    by 0x475DC8: luaL_openlibs (in /home/cognitive/torch/install/bin/luajit)
==6480==    by 0x405F2A: pmain (in /home/cognitive/torch/install/bin/luajit)
==6480==    by 0x477979: lj_BC_FUNCC (in /home/cognitive/torch/install/bin/luajit)
==6480==    by 0x465A26: lua_cpcall (in /home/cognitive/torch/install/bin/luajit)
==6480==    by 0x404543: main (in /home/cognitive/torch/install/bin/luajit)
==6480== 
==6480== Conditional jump or move depends on uninitialised value(s)
==6480==    at 0x417373: lj_str_new (in /home/cognitive/torch/install/bin/luajit)
==6480==    by 0x45F3DA: lua_pushlstring (in /home/cognitive/torch/install/bin/luajit)
==6480==    by 0x472EE1: luaL_gsub (in /home/cognitive/torch/install/bin/luajit)
==6480==    by 0x473333: luaopen_package (in /home/cognitive/torch/install/bin/luajit)
==6480==    by 0x477979: lj_BC_FUNCC (in /home/cognitive/torch/install/bin/luajit)
==6480==    by 0x475DC8: luaL_openlibs (in /home/cognitive/torch/install/bin/luajit)
==6480==    by 0x405F2A: pmain (in /home/cognitive/torch/install/bin/luajit)
==6480==    by 0x477979: lj_BC_FUNCC (in /home/cognitive/torch/install/bin/luajit)
==6480==    by 0x465A26: lua_cpcall (in /home/cognitive/torch/install/bin/luajit)
==6480==    by 0x404543: main (in /home/cognitive/torch/install/bin/luajit)
==6480== 
==6480== Conditional jump or move depends on uninitialised value(s)
==6480==    at 0x417373: lj_str_new (in /home/cognitive/torch/install/bin/luajit)
==6480==    by 0x45F3DA: lua_pushlstring (in /home/cognitive/torch/install/bin/luajit)
==6480==    by 0x472EE1: luaL_gsub (in /home/cognitive/torch/install/bin/luajit)
==6480==    by 0x474AD1: searchpath (in /home/cognitive/torch/install/bin/luajit)
==6480==    by 0x474FC3: lj_cf_package_loader_lua (in /home/cognitive/torch/install/bin/luajit)
==6480==    by 0x477979: lj_BC_FUNCC (in /home/cognitive/torch/install/bin/luajit)
==6480==    by 0x464D96: lj_cf_package_require (in /home/cognitive/torch/install/bin/luajit)
==6480==    by 0x477979: lj_BC_FUNCC (in /home/cognitive/torch/install/bin/luajit)
==6480==    by 0x464FA9: lj_cf_package_require (in /home/cognitive/torch/install/bin/luajit)
==6480==    by 0x477979: lj_BC_FUNCC (in /home/cognitive/torch/install/bin/luajit)
==6480==    by 0x464FA9: lj_cf_package_require (in /home/cognitive/torch/install/bin/luajit)
==6480==    by 0x477979: lj_BC_FUNCC (in /home/cognitive/torch/install/bin/luajit)
==6480== 
==6480== Conditional jump or move depends on uninitialised value(s)
==6480==    at 0x417373: lj_str_new (in /home/cognitive/torch/install/bin/luajit)
==6480==    by 0x45F3DA: lua_pushlstring (in /home/cognitive/torch/install/bin/luajit)
==6480==    by 0x47465F: lj_cf_string_gsub (in /home/cognitive/torch/install/bin/luajit)
==6480==    by 0x477979: lj_BC_FUNCC (in /home/cognitive/torch/install/bin/luajit)
==6480==    by 0x464FA9: lj_cf_package_require (in /home/cognitive/torch/install/bin/luajit)
==6480==    by 0x477979: lj_BC_FUNCC (in /home/cognitive/torch/install/bin/luajit)
==6480==    by 0x464FA9: lj_cf_package_require (in /home/cognitive/torch/install/bin/luajit)
==6480==    by 0x477979: lj_BC_FUNCC (in /home/cognitive/torch/install/bin/luajit)
==6480==    by 0x4659AC: lua_pcall (in /home/cognitive/torch/install/bin/luajit)
==6480==    by 0x40614A: pmain (in /home/cognitive/torch/install/bin/luajit)
==6480==    by 0x477979: lj_BC_FUNCC (in /home/cognitive/torch/install/bin/luajit)
==6480==    by 0x465A26: lua_cpcall (in /home/cognitive/torch/install/bin/luajit)
==6480== 
==6480== Conditional jump or move depends on uninitialised value(s)
==6480==    at 0x417373: lj_str_new (in /home/cognitive/torch/install/bin/luajit)
==6480==    by 0x45F3DA: lua_pushlstring (in /home/cognitive/torch/install/bin/luajit)
==6480==    by 0x472EE1: luaL_gsub (in /home/cognitive/torch/install/bin/luajit)
==6480==    by 0x4736C4: lj_cf_package_loader_preload (in /home/cognitive/torch/install/bin/luajit)
==6480==    by 0x477979: lj_BC_FUNCC (in /home/cognitive/torch/install/bin/luajit)
==6480==    by 0x464D96: lj_cf_package_require (in /home/cognitive/torch/install/bin/luajit)
==6480==    by 0x477979: lj_BC_FUNCC (in /home/cognitive/torch/install/bin/luajit)
==6480==    by 0x4659AC: lua_pcall (in /home/cognitive/torch/install/bin/luajit)
==6480==    by 0x40686E: pmain (in /home/cognitive/torch/install/bin/luajit)
==6480==    by 0x477979: lj_BC_FUNCC (in /home/cognitive/torch/install/bin/luajit)
==6480==    by 0x465A26: lua_cpcall (in /home/cognitive/torch/install/bin/luajit)
==6480==    by 0x404543: main (in /home/cognitive/torch/install/bin/luajit)
==6480== 
==6480== Conditional jump or move depends on uninitialised value(s)
==6480==    at 0x417373: lj_str_new (in /home/cognitive/torch/install/bin/luajit)
==6480==    by 0x45F3DA: lua_pushlstring (in /home/cognitive/torch/install/bin/luajit)
==6480==    by 0x472EE1: luaL_gsub (in /home/cognitive/torch/install/bin/luajit)
==6480==    by 0x474C01: searchpath (in /home/cognitive/torch/install/bin/luajit)
==6480==    by 0x474FC3: lj_cf_package_loader_lua (in /home/cognitive/torch/install/bin/luajit)
==6480==    by 0x477979: lj_BC_FUNCC (in /home/cognitive/torch/install/bin/luajit)
==6480==    by 0x464D96: lj_cf_package_require (in /home/cognitive/torch/install/bin/luajit)
==6480==    by 0x477979: lj_BC_FUNCC (in /home/cognitive/torch/install/bin/luajit)
==6480==    by 0x4659AC: lua_pcall (in /home/cognitive/torch/install/bin/luajit)
==6480==    by 0x40686E: pmain (in /home/cognitive/torch/install/bin/luajit)
==6480==    by 0x477979: lj_BC_FUNCC (in /home/cognitive/torch/install/bin/luajit)
==6480==    by 0x465A26: lua_cpcall (in /home/cognitive/torch/install/bin/luajit)
==6480== 
==6480== Conditional jump or move depends on uninitialised value(s)
==6480==    at 0x417373: lj_str_new (in /home/cognitive/torch/install/bin/luajit)
==6480==    by 0x463B6B: lua_getfield (in /home/cognitive/torch/install/bin/luajit)
==6480==    by 0x695ECBD: luaT_getinnerparent (in /home/cognitive/torch/install/lib/libluaT.so.0)
==6480==    by 0x695F6C6: luaT_lua_newmetatable (in /home/cognitive/torch/install/lib/libluaT.so.0)
==6480==    by 0x477979: lj_BC_FUNCC (in /home/cognitive/torch/install/bin/luajit)
==6480==    by 0x695CF78: luaT_newlocalmetatable (in /home/cognitive/torch/install/lib/libluaT.so.0)
==6480==    by 0x695D00A: luaT_newmetatable (in /home/cognitive/torch/install/lib/libluaT.so.0)
==6480==    by 0x65F6C69: torch_File_init (in /home/cognitive/torch/install/lib/lua/5.1/libtorch.so)
==6480==    by 0x662D48D: luaopen_libtorch (in /home/cognitive/torch/install/lib/lua/5.1/libtorch.so)
==6480==    by 0x477979: lj_BC_FUNCC (in /home/cognitive/torch/install/bin/luajit)
==6480==    by 0x63B4D71: path_require (in /home/cognitive/torch/install/lib/lua/5.1/libpaths.so)
==6480==    by 0x477979: lj_BC_FUNCC (in /home/cognitive/torch/install/bin/luajit)
==6480== 
==6480== Conditional jump or move depends on uninitialised value(s)
==6480==    at 0x417373: lj_str_new (in /home/cognitive/torch/install/bin/luajit)
==6480==    by 0x45F3DA: lua_pushlstring (in /home/cognitive/torch/install/bin/luajit)
==6480==    by 0x472EE1: luaL_gsub (in /home/cognitive/torch/install/bin/luajit)
==6480==    by 0x473959: ll_loadfunc (in /home/cognitive/torch/install/bin/luajit)
==6480==    by 0x4750BB: lj_cf_package_loader_c (in /home/cognitive/torch/install/bin/luajit)
==6480==    by 0x477979: lj_BC_FUNCC (in /home/cognitive/torch/install/bin/luajit)
==6480==    by 0x464D96: lj_cf_package_require (in /home/cognitive/torch/install/bin/luajit)
==6480==    by 0x477979: lj_BC_FUNCC (in /home/cognitive/torch/install/bin/luajit)
==6480==    by 0x464FA9: lj_cf_package_require (in /home/cognitive/torch/install/bin/luajit)
==6480==    by 0x477979: lj_BC_FUNCC (in /home/cognitive/torch/install/bin/luajit)
==6480==    by 0x464FA9: lj_cf_package_require (in /home/cognitive/torch/install/bin/luajit)
==6480==    by 0x477979: lj_BC_FUNCC (in /home/cognitive/torch/install/bin/luajit)
==6480== 
==6480== Conditional jump or move depends on uninitialised value(s)
==6480==    at 0x417373: lj_str_new (in /home/cognitive/torch/install/bin/luajit)
==6480==    by 0x45F3DA: lua_pushlstring (in /home/cognitive/torch/install/bin/luajit)
==6480==    by 0x63B5E0F: lua_basename (in /home/cognitive/torch/install/lib/lua/5.1/libpaths.so)
==6480==    by 0x477979: lj_BC_FUNCC (in /home/cognitive/torch/install/bin/luajit)
==6480==    by 0x464FA9: lj_cf_package_require (in /home/cognitive/torch/install/bin/luajit)
==6480==    by 0x477979: lj_BC_FUNCC (in /home/cognitive/torch/install/bin/luajit)
==6480==    by 0x464FA9: lj_cf_package_require (in /home/cognitive/torch/install/bin/luajit)
==6480==    by 0x477979: lj_BC_FUNCC (in /home/cognitive/torch/install/bin/luajit)
==6480==    by 0x4659AC: lua_pcall (in /home/cognitive/torch/install/bin/luajit)
==6480==    by 0x40686E: pmain (in /home/cognitive/torch/install/bin/luajit)
==6480==    by 0x477979: lj_BC_FUNCC (in /home/cognitive/torch/install/bin/luajit)
==6480==    by 0x465A26: lua_cpcall (in /home/cognitive/torch/install/bin/luajit)
==6480== 
==6480== Conditional jump or move depends on uninitialised value(s)
==6480==    at 0x417373: lj_str_new (in /home/cognitive/torch/install/bin/luajit)
==6480==    by 0x45F3DA: lua_pushlstring (in /home/cognitive/torch/install/bin/luajit)
==6480==    by 0x63B56BD: lua_dirname (in /home/cognitive/torch/install/lib/lua/5.1/libpaths.so)
==6480==    by 0x477979: lj_BC_FUNCC (in /home/cognitive/torch/install/bin/luajit)
==6480==    by 0x464FA9: lj_cf_package_require (in /home/cognitive/torch/install/bin/luajit)
==6480==    by 0x477979: lj_BC_FUNCC (in /home/cognitive/torch/install/bin/luajit)
==6480==    by 0x464FA9: lj_cf_package_require (in /home/cognitive/torch/install/bin/luajit)
==6480==    by 0x477979: lj_BC_FUNCC (in /home/cognitive/torch/install/bin/luajit)
==6480==    by 0x4659AC: lua_pcall (in /home/cognitive/torch/install/bin/luajit)
==6480==    by 0x40686E: pmain (in /home/cognitive/torch/install/bin/luajit)
==6480==    by 0x477979: lj_BC_FUNCC (in /home/cognitive/torch/install/bin/luajit)
==6480==    by 0x465A26: lua_cpcall (in /home/cognitive/torch/install/bin/luajit)
==6480== 
Running 1 test
[0;36m1/1 [0mDeformableConvolution ............................................... [[0;36mWAIT[0m]==6480== Conditional jump or move depends on uninitialised value(s)
==6480==    at 0x45F344: lua_pushnumber (in /home/cognitive/torch/install/bin/luajit)
==6480==    by 0x6606802: torch_DoubleTensor___index__ (in /home/cognitive/torch/install/lib/lua/5.1/libtorch.so)
==6480==    by 0x477979: lj_BC_FUNCC (in /home/cognitive/torch/install/bin/luajit)
==6480==    by 0x695CAB5: luaT_mt__index (in /home/cognitive/torch/install/lib/libluaT.so.0)
==6480==    by 0x477979: lj_BC_FUNCC (in /home/cognitive/torch/install/bin/luajit)
==6480==    by 0x466CA0: lj_cf_dofile (in /home/cognitive/torch/install/bin/luajit)
==6480==    by 0x477979: lj_BC_FUNCC (in /home/cognitive/torch/install/bin/luajit)
==6480==    by 0x4659AC: lua_pcall (in /home/cognitive/torch/install/bin/luajit)
==6480==    by 0x40686E: pmain (in /home/cognitive/torch/install/bin/luajit)
==6480==    by 0x477979: lj_BC_FUNCC (in /home/cognitive/torch/install/bin/luajit)
==6480==    by 0x465A26: lua_cpcall (in /home/cognitive/torch/install/bin/luajit)
==6480==    by 0x404543: main (in /home/cognitive/torch/install/bin/luajit)
==6480== 
==6480== Conditional jump or move depends on uninitialised value(s)
==6480==    at 0x45D7B7: lua_isnumber (in /home/cognitive/torch/install/bin/luajit)
==6480==    by 0x6631A68: m_torch_DoubleTensor_add (in /home/cognitive/torch/install/lib/lua/5.1/libtorch.so)
==6480==    by 0x477979: lj_BC_FUNCC (in /home/cognitive/torch/install/bin/luajit)
==6480==    by 0x466CA0: lj_cf_dofile (in /home/cognitive/torch/install/bin/luajit)
==6480==    by 0x477979: lj_BC_FUNCC (in /home/cognitive/torch/install/bin/luajit)
==6480==    by 0x4659AC: lua_pcall (in /home/cognitive/torch/install/bin/luajit)
==6480==    by 0x40686E: pmain (in /home/cognitive/torch/install/bin/luajit)
==6480==    by 0x477979: lj_BC_FUNCC (in /home/cognitive/torch/install/bin/luajit)
==6480==    by 0x465A26: lua_cpcall (in /home/cognitive/torch/install/bin/luajit)
==6480==    by 0x404543: main (in /home/cognitive/torch/install/bin/luajit)
==6480== 
==6480== Conditional jump or move depends on uninitialised value(s)
==6480==    at 0x45EA72: lua_tonumber (in /home/cognitive/torch/install/bin/luajit)
==6480==    by 0x6631C5F: m_torch_DoubleTensor_add (in /home/cognitive/torch/install/lib/lua/5.1/libtorch.so)
==6480==    by 0x477979: lj_BC_FUNCC (in /home/cognitive/torch/install/bin/luajit)
==6480==    by 0x466CA0: lj_cf_dofile (in /home/cognitive/torch/install/bin/luajit)
==6480==    by 0x477979: lj_BC_FUNCC (in /home/cognitive/torch/install/bin/luajit)
==6480==    by 0x4659AC: lua_pcall (in /home/cognitive/torch/install/bin/luajit)
==6480==    by 0x40686E: pmain (in /home/cognitive/torch/install/bin/luajit)
==6480==    by 0x477979: lj_BC_FUNCC (in /home/cognitive/torch/install/bin/luajit)
==6480==    by 0x465A26: lua_cpcall (in /home/cognitive/torch/install/bin/luajit)
==6480==    by 0x404543: main (in /home/cognitive/torch/install/bin/luajit)
==6480== 
==6480== Conditional jump or move depends on uninitialised value(s)
==6480==    at 0x9C66C19: update_grad_input(lua_State*) (deformableconvolution.cpp:311)
==6480==    by 0x477979: lj_BC_FUNCC (in /home/cognitive/torch/install/bin/luajit)
==6480==    by 0x466CA0: lj_cf_dofile (in /home/cognitive/torch/install/bin/luajit)
==6480==    by 0x477979: lj_BC_FUNCC (in /home/cognitive/torch/install/bin/luajit)
==6480==    by 0x4659AC: lua_pcall (in /home/cognitive/torch/install/bin/luajit)
==6480==    by 0x40686E: pmain (in /home/cognitive/torch/install/bin/luajit)
==6480==    by 0x477979: lj_BC_FUNCC (in /home/cognitive/torch/install/bin/luajit)
==6480==    by 0x465A26: lua_cpcall (in /home/cognitive/torch/install/bin/luajit)
==6480==    by 0x404543: main (in /home/cognitive/torch/install/bin/luajit)
==6480== 
==6480== Conditional jump or move depends on uninitialised value(s)
==6480==    at 0x9C66C4C: update_grad_input(lua_State*) (deformableconvolution.cpp:312)
==6480==    by 0x477979: lj_BC_FUNCC (in /home/cognitive/torch/install/bin/luajit)
==6480==    by 0x466CA0: lj_cf_dofile (in /home/cognitive/torch/install/bin/luajit)
==6480==    by 0x477979: lj_BC_FUNCC (in /home/cognitive/torch/install/bin/luajit)
==6480==    by 0x4659AC: lua_pcall (in /home/cognitive/torch/install/bin/luajit)
==6480==    by 0x40686E: pmain (in /home/cognitive/torch/install/bin/luajit)
==6480==    by 0x477979: lj_BC_FUNCC (in /home/cognitive/torch/install/bin/luajit)
==6480==    by 0x465A26: lua_cpcall (in /home/cognitive/torch/install/bin/luajit)
==6480==    by 0x404543: main (in /home/cognitive/torch/install/bin/luajit)
==6480== 
==6480== Conditional jump or move depends on uninitialised value(s)
==6480==    at 0x9C66C7F: update_grad_input(lua_State*) (deformableconvolution.cpp:313)
==6480==    by 0x477979: lj_BC_FUNCC (in /home/cognitive/torch/install/bin/luajit)
==6480==    by 0x466CA0: lj_cf_dofile (in /home/cognitive/torch/install/bin/luajit)
==6480==    by 0x477979: lj_BC_FUNCC (in /home/cognitive/torch/install/bin/luajit)
==6480==    by 0x4659AC: lua_pcall (in /home/cognitive/torch/install/bin/luajit)
==6480==    by 0x40686E: pmain (in /home/cognitive/torch/install/bin/luajit)
==6480==    by 0x477979: lj_BC_FUNCC (in /home/cognitive/torch/install/bin/luajit)
==6480==    by 0x465A26: lua_cpcall (in /home/cognitive/torch/install/bin/luajit)
==6480==    by 0x404543: main (in /home/cognitive/torch/install/bin/luajit)
==6480== 
==6480== Use of uninitialised value of size 8
==6480==    at 0x9C66D0C: update_grad_input(lua_State*) (deformableconvolution.cpp:316)
==6480==    by 0x477979: lj_BC_FUNCC (in /home/cognitive/torch/install/bin/luajit)
==6480==    by 0x466CA0: lj_cf_dofile (in /home/cognitive/torch/install/bin/luajit)
==6480==    by 0x477979: lj_BC_FUNCC (in /home/cognitive/torch/install/bin/luajit)
==6480==    by 0x4659AC: lua_pcall (in /home/cognitive/torch/install/bin/luajit)
==6480==    by 0x40686E: pmain (in /home/cognitive/torch/install/bin/luajit)
==6480==    by 0x477979: lj_BC_FUNCC (in /home/cognitive/torch/install/bin/luajit)
==6480==    by 0x465A26: lua_cpcall (in /home/cognitive/torch/install/bin/luajit)
==6480==    by 0x404543: main (in /home/cognitive/torch/install/bin/luajit)
==6480== 
==6480== Use of uninitialised value of size 8
==6480==    at 0x9C66D53: update_grad_input(lua_State*) (deformableconvolution.cpp:316)
==6480==    by 0x477979: lj_BC_FUNCC (in /home/cognitive/torch/install/bin/luajit)
==6480==    by 0x466CA0: lj_cf_dofile (in /home/cognitive/torch/install/bin/luajit)
==6480==    by 0x477979: lj_BC_FUNCC (in /home/cognitive/torch/install/bin/luajit)
==6480==    by 0x4659AC: lua_pcall (in /home/cognitive/torch/install/bin/luajit)
==6480==    by 0x40686E: pmain (in /home/cognitive/torch/install/bin/luajit)
==6480==    by 0x477979: lj_BC_FUNCC (in /home/cognitive/torch/install/bin/luajit)
==6480==    by 0x465A26: lua_cpcall (in /home/cognitive/torch/install/bin/luajit)
==6480==    by 0x404543: main (in /home/cognitive/torch/install/bin/luajit)
==6480== 
==6480== Use of uninitialised value of size 8
==6480==    at 0x9C66DCB: update_grad_input(lua_State*) (deformableconvolution.cpp:318)
==6480==    by 0x477979: lj_BC_FUNCC (in /home/cognitive/torch/install/bin/luajit)
==6480==    by 0x466CA0: lj_cf_dofile (in /home/cognitive/torch/install/bin/luajit)
==6480==    by 0x477979: lj_BC_FUNCC (in /home/cognitive/torch/install/bin/luajit)
==6480==    by 0x4659AC: lua_pcall (in /home/cognitive/torch/install/bin/luajit)
==6480==    by 0x40686E: pmain (in /home/cognitive/torch/install/bin/luajit)
==6480==    by 0x477979: lj_BC_FUNCC (in /home/cognitive/torch/install/bin/luajit)
==6480==    by 0x465A26: lua_cpcall (in /home/cognitive/torch/install/bin/luajit)
==6480==    by 0x404543: main (in /home/cognitive/torch/install/bin/luajit)
==6480== 
==6480== Use of uninitialised value of size 8
==6480==    at 0x9C66E12: update_grad_input(lua_State*) (deformableconvolution.cpp:318)
==6480==    by 0x477979: lj_BC_FUNCC (in /home/cognitive/torch/install/bin/luajit)
==6480==    by 0x466CA0: lj_cf_dofile (in /home/cognitive/torch/install/bin/luajit)
==6480==    by 0x477979: lj_BC_FUNCC (in /home/cognitive/torch/install/bin/luajit)
==6480==    by 0x4659AC: lua_pcall (in /home/cognitive/torch/install/bin/luajit)
==6480==    by 0x40686E: pmain (in /home/cognitive/torch/install/bin/luajit)
==6480==    by 0x477979: lj_BC_FUNCC (in /home/cognitive/torch/install/bin/luajit)
==6480==    by 0x465A26: lua_cpcall (in /home/cognitive/torch/install/bin/luajit)
==6480==    by 0x404543: main (in /home/cognitive/torch/install/bin/luajit)
==6480== 
==6480== Use of uninitialised value of size 8
==6480==    at 0x9C66E8A: update_grad_input(lua_State*) (deformableconvolution.cpp:320)
==6480==    by 0x477979: lj_BC_FUNCC (in /home/cognitive/torch/install/bin/luajit)
==6480==    by 0x466CA0: lj_cf_dofile (in /home/cognitive/torch/install/bin/luajit)
==6480==    by 0x477979: lj_BC_FUNCC (in /home/cognitive/torch/install/bin/luajit)
==6480==    by 0x4659AC: lua_pcall (in /home/cognitive/torch/install/bin/luajit)
==6480==    by 0x40686E: pmain (in /home/cognitive/torch/install/bin/luajit)
==6480==    by 0x477979: lj_BC_FUNCC (in /home/cognitive/torch/install/bin/luajit)
==6480==    by 0x465A26: lua_cpcall (in /home/cognitive/torch/install/bin/luajit)
==6480==    by 0x404543: main (in /home/cognitive/torch/install/bin/luajit)
==6480== 
==6480== Use of uninitialised value of size 8
==6480==    at 0x9C66ED1: update_grad_input(lua_State*) (deformableconvolution.cpp:320)
==6480==    by 0x477979: lj_BC_FUNCC (in /home/cognitive/torch/install/bin/luajit)
==6480==    by 0x466CA0: lj_cf_dofile (in /home/cognitive/torch/install/bin/luajit)
==6480==    by 0x477979: lj_BC_FUNCC (in /home/cognitive/torch/install/bin/luajit)
==6480==    by 0x4659AC: lua_pcall (in /home/cognitive/torch/install/bin/luajit)
==6480==    by 0x40686E: pmain (in /home/cognitive/torch/install/bin/luajit)
==6480==    by 0x477979: lj_BC_FUNCC (in /home/cognitive/torch/install/bin/luajit)
==6480==    by 0x465A26: lua_cpcall (in /home/cognitive/torch/install/bin/luajit)
==6480==    by 0x404543: main (in /home/cognitive/torch/install/bin/luajit)
==6480== 
==6480== Use of uninitialised value of size 8
==6480==    at 0x9C66F51: update_grad_input(lua_State*) (deformableconvolution.cpp:322)
==6480==    by 0x477979: lj_BC_FUNCC (in /home/cognitive/torch/install/bin/luajit)
==6480==    by 0x466CA0: lj_cf_dofile (in /home/cognitive/torch/install/bin/luajit)
==6480==    by 0x477979: lj_BC_FUNCC (in /home/cognitive/torch/install/bin/luajit)
==6480==    by 0x4659AC: lua_pcall (in /home/cognitive/torch/install/bin/luajit)
==6480==    by 0x40686E: pmain (in /home/cognitive/torch/install/bin/luajit)
==6480==    by 0x477979: lj_BC_FUNCC (in /home/cognitive/torch/install/bin/luajit)
==6480==    by 0x465A26: lua_cpcall (in /home/cognitive/torch/install/bin/luajit)
==6480==    by 0x404543: main (in /home/cognitive/torch/install/bin/luajit)
==6480== 
==6480== Use of uninitialised value of size 8
==6480==    at 0x9C66F98: update_grad_input(lua_State*) (deformableconvolution.cpp:322)
==6480==    by 0x477979: lj_BC_FUNCC (in /home/cognitive/torch/install/bin/luajit)
==6480==    by 0x466CA0: lj_cf_dofile (in /home/cognitive/torch/install/bin/luajit)
==6480==    by 0x477979: lj_BC_FUNCC (in /home/cognitive/torch/install/bin/luajit)
==6480==    by 0x4659AC: lua_pcall (in /home/cognitive/torch/install/bin/luajit)
==6480==    by 0x40686E: pmain (in /home/cognitive/torch/install/bin/luajit)
==6480==    by 0x477979: lj_BC_FUNCC (in /home/cognitive/torch/install/bin/luajit)
==6480==    by 0x465A26: lua_cpcall (in /home/cognitive/torch/install/bin/luajit)
==6480==    by 0x404543: main (in /home/cognitive/torch/install/bin/luajit)
==6480== 
==6480== Conditional jump or move depends on uninitialised value(s)
==6480==    at 0x6CBEB98: THDoubleTensor_maxall (in /home/cognitive/torch/install/lib/libTH.so.0)
==6480==    by 0x663D564: m_torch_DoubleTensor_max (in /home/cognitive/torch/install/lib/lua/5.1/libtorch.so)
==6480==    by 0x477979: lj_BC_FUNCC (in /home/cognitive/torch/install/bin/luajit)
==6480==    by 0x466CA0: lj_cf_dofile (in /home/cognitive/torch/install/bin/luajit)
==6480==    by 0x477979: lj_BC_FUNCC (in /home/cognitive/torch/install/bin/luajit)
==6480==    by 0x4659AC: lua_pcall (in /home/cognitive/torch/install/bin/luajit)
==6480==    by 0x40686E: pmain (in /home/cognitive/torch/install/bin/luajit)
==6480==    by 0x477979: lj_BC_FUNCC (in /home/cognitive/torch/install/bin/luajit)
==6480==    by 0x465A26: lua_cpcall (in /home/cognitive/torch/install/bin/luajit)
==6480==    by 0x404543: main (in /home/cognitive/torch/install/bin/luajit)
==6480== 
==6480== Conditional jump or move depends on uninitialised value(s)
==6480==    at 0x45F344: lua_pushnumber (in /home/cognitive/torch/install/bin/luajit)
==6480==    by 0x663D56C: m_torch_DoubleTensor_max (in /home/cognitive/torch/install/lib/lua/5.1/libtorch.so)
==6480==    by 0x477979: lj_BC_FUNCC (in /home/cognitive/torch/install/bin/luajit)
==6480==    by 0x466CA0: lj_cf_dofile (in /home/cognitive/torch/install/bin/luajit)
==6480==    by 0x477979: lj_BC_FUNCC (in /home/cognitive/torch/install/bin/luajit)
==6480==    by 0x4659AC: lua_pcall (in /home/cognitive/torch/install/bin/luajit)
==6480==    by 0x40686E: pmain (in /home/cognitive/torch/install/bin/luajit)
==6480==    by 0x477979: lj_BC_FUNCC (in /home/cognitive/torch/install/bin/luajit)
==6480==    by 0x465A26: lua_cpcall (in /home/cognitive/torch/install/bin/luajit)
==6480==    by 0x404543: main (in /home/cognitive/torch/install/bin/luajit)
==6480== 
==6480== Conditional jump or move depends on uninitialised value(s)
==6480==    at 0x476098: lj_BC_ISLT (in /home/cognitive/torch/install/bin/luajit)
==6480==    by 0x466CA0: lj_cf_dofile (in /home/cognitive/torch/install/bin/luajit)
==6480==    by 0x477979: lj_BC_FUNCC (in /home/cognitive/torch/install/bin/luajit)
==6480==    by 0x4659AC: lua_pcall (in /home/cognitive/torch/install/bin/luajit)
==6480==    by 0x40686E: pmain (in /home/cognitive/torch/install/bin/luajit)
==6480==    by 0x477979: lj_BC_FUNCC (in /home/cognitive/torch/install/bin/luajit)
==6480==    by 0x465A26: lua_cpcall (in /home/cognitive/torch/install/bin/luajit)
==6480==    by 0x404543: main (in /home/cognitive/torch/install/bin/luajit)
==6480== 
==6480== Conditional jump or move depends on uninitialised value(s)
==6480==    at 0x4760B9: lj_BC_ISLT (in /home/cognitive/torch/install/bin/luajit)
==6480==    by 0x466CA0: lj_cf_dofile (in /home/cognitive/torch/install/bin/luajit)
==6480==    by 0x477979: lj_BC_FUNCC (in /home/cognitive/torch/install/bin/luajit)
==6480==    by 0x4659AC: lua_pcall (in /home/cognitive/torch/install/bin/luajit)
==6480==    by 0x40686E: pmain (in /home/cognitive/torch/install/bin/luajit)
==6480==    by 0x477979: lj_BC_FUNCC (in /home/cognitive/torch/install/bin/luajit)
==6480==    by 0x465A26: lua_cpcall (in /home/cognitive/torch/install/bin/luajit)
==6480==    by 0x404543: main (in /home/cognitive/torch/install/bin/luajit)
==6480== 
==6480== Conditional jump or move depends on uninitialised value(s)
==6480==    at 0x47829B: lj_ff_tostring (in /home/cognitive/torch/install/bin/luajit)
==6480==    by 0x466CA0: lj_cf_dofile (in /home/cognitive/torch/install/bin/luajit)
==6480==    by 0x477979: lj_BC_FUNCC (in /home/cognitive/torch/install/bin/luajit)
==6480==    by 0x4659AC: lua_pcall (in /home/cognitive/torch/install/bin/luajit)
==6480==    by 0x40686E: pmain (in /home/cognitive/torch/install/bin/luajit)
==6480==    by 0x477979: lj_BC_FUNCC (in /home/cognitive/torch/install/bin/luajit)
==6480==    by 0x465A26: lua_cpcall (in /home/cognitive/torch/install/bin/luajit)
==6480==    by 0x404543: main (in /home/cognitive/torch/install/bin/luajit)
==6480== 
==6480== Conditional jump or move depends on uninitialised value(s)
==6480==    at 0x4782B5: lj_ff_tostring (in /home/cognitive/torch/install/bin/luajit)
==6480==    by 0x466CA0: lj_cf_dofile (in /home/cognitive/torch/install/bin/luajit)
==6480==    by 0x477979: lj_BC_FUNCC (in /home/cognitive/torch/install/bin/luajit)
==6480==    by 0x4659AC: lua_pcall (in /home/cognitive/torch/install/bin/luajit)
==6480==    by 0x40686E: pmain (in /home/cognitive/torch/install/bin/luajit)
==6480==    by 0x477979: lj_BC_FUNCC (in /home/cognitive/torch/install/bin/luajit)
==6480==    by 0x465A26: lua_cpcall (in /home/cognitive/torch/install/bin/luajit)
==6480==    by 0x404543: main (in /home/cognitive/torch/install/bin/luajit)
==6480== 
==6480== Conditional jump or move depends on uninitialised value(s)
==6480==    at 0x434F35: lj_strfmt_num (in /home/cognitive/torch/install/bin/luajit)
==6480==    by 0x4782F1: lj_ff_tostring (in /home/cognitive/torch/install/bin/luajit)
==6480==    by 0x466CA0: lj_cf_dofile (in /home/cognitive/torch/install/bin/luajit)
==6480==    by 0x477979: lj_BC_FUNCC (in /home/cognitive/torch/install/bin/luajit)
==6480==    by 0x4659AC: lua_pcall (in /home/cognitive/torch/install/bin/luajit)
==6480==    by 0x40686E: pmain (in /home/cognitive/torch/install/bin/luajit)
==6480==    by 0x477979: lj_BC_FUNCC (in /home/cognitive/torch/install/bin/luajit)
==6480==    by 0x465A26: lua_cpcall (in /home/cognitive/torch/install/bin/luajit)
==6480==    by 0x404543: main (in /home/cognitive/torch/install/bin/luajit)
==6480== 
==6480== Conditional jump or move depends on uninitialised value(s)
==6480==    at 0x5A106C8: __printf_fp_l (printf_fp.c:381)
==6480==    by 0x5A0BB81: printf_positional (vfprintf.c:2022)
==6480==    by 0x5A0D4A5: vfprintf (vfprintf.c:1677)
==6480==    by 0x5AD6713: __vsprintf_chk (vsprintf_chk.c:82)
==6480==    by 0x5AD666C: __sprintf_chk (sprintf_chk.c:31)
==6480==    by 0x434F56: lj_strfmt_num (in /home/cognitive/torch/install/bin/luajit)
==6480==    by 0x4782F1: lj_ff_tostring (in /home/cognitive/torch/install/bin/luajit)
==6480==    by 0x466CA0: lj_cf_dofile (in /home/cognitive/torch/install/bin/luajit)
==6480==    by 0x477979: lj_BC_FUNCC (in /home/cognitive/torch/install/bin/luajit)
==6480==    by 0x4659AC: lua_pcall (in /home/cognitive/torch/install/bin/luajit)
==6480==    by 0x40686E: pmain (in /home/cognitive/torch/install/bin/luajit)
==6480==    by 0x477979: lj_BC_FUNCC (in /home/cognitive/torch/install/bin/luajit)
==6480== 
==6480== Conditional jump or move depends on uninitialised value(s)
==6480==    at 0x5A106E2: __printf_fp_l (printf_fp.c:395)
==6480==    by 0x5A0BB81: printf_positional (vfprintf.c:2022)
==6480==    by 0x5A0D4A5: vfprintf (vfprintf.c:1677)
==6480==    by 0x5AD6713: __vsprintf_chk (vsprintf_chk.c:82)
==6480==    by 0x5AD666C: __sprintf_chk (sprintf_chk.c:31)
==6480==    by 0x434F56: lj_strfmt_num (in /home/cognitive/torch/install/bin/luajit)
==6480==    by 0x4782F1: lj_ff_tostring (in /home/cognitive/torch/install/bin/luajit)
==6480==    by 0x466CA0: lj_cf_dofile (in /home/cognitive/torch/install/bin/luajit)
==6480==    by 0x477979: lj_BC_FUNCC (in /home/cognitive/torch/install/bin/luajit)
==6480==    by 0x4659AC: lua_pcall (in /home/cognitive/torch/install/bin/luajit)
==6480==    by 0x40686E: pmain (in /home/cognitive/torch/install/bin/luajit)
==6480==    by 0x477979: lj_BC_FUNCC (in /home/cognitive/torch/install/bin/luajit)
==6480== 
==6480== Conditional jump or move depends on uninitialised value(s)
==6480==    at 0x5A0A060: __mpn_extract_double (dbl2mpn.c:56)
==6480==    by 0x5A10711: __printf_fp_l (printf_fp.c:411)
==6480==    by 0x5A0BB81: printf_positional (vfprintf.c:2022)
==6480==    by 0x5A0D4A5: vfprintf (vfprintf.c:1677)
==6480==    by 0x5AD6713: __vsprintf_chk (vsprintf_chk.c:82)
==6480==    by 0x5AD666C: __sprintf_chk (sprintf_chk.c:31)
==6480==    by 0x434F56: lj_strfmt_num (in /home/cognitive/torch/install/bin/luajit)
==6480==    by 0x4782F1: lj_ff_tostring (in /home/cognitive/torch/install/bin/luajit)
==6480==    by 0x466CA0: lj_cf_dofile (in /home/cognitive/torch/install/bin/luajit)
==6480==    by 0x477979: lj_BC_FUNCC (in /home/cognitive/torch/install/bin/luajit)
==6480==    by 0x4659AC: lua_pcall (in /home/cognitive/torch/install/bin/luajit)
==6480==    by 0x40686E: pmain (in /home/cognitive/torch/install/bin/luajit)
==6480== 
==6480== Conditional jump or move depends on uninitialised value(s)
==6480==    at 0x5A0A065: __mpn_extract_double (dbl2mpn.c:60)
==6480==    by 0x5A10711: __printf_fp_l (printf_fp.c:411)
==6480==    by 0x5A0BB81: printf_positional (vfprintf.c:2022)
==6480==    by 0x5A0D4A5: vfprintf (vfprintf.c:1677)
==6480==    by 0x5AD6713: __vsprintf_chk (vsprintf_chk.c:82)
==6480==    by 0x5AD666C: __sprintf_chk (sprintf_chk.c:31)
==6480==    by 0x434F56: lj_strfmt_num (in /home/cognitive/torch/install/bin/luajit)
==6480==    by 0x4782F1: lj_ff_tostring (in /home/cognitive/torch/install/bin/luajit)
==6480==    by 0x466CA0: lj_cf_dofile (in /home/cognitive/torch/install/bin/luajit)
==6480==    by 0x477979: lj_BC_FUNCC (in /home/cognitive/torch/install/bin/luajit)
==6480==    by 0x4659AC: lua_pcall (in /home/cognitive/torch/install/bin/luajit)
==6480==    by 0x40686E: pmain (in /home/cognitive/torch/install/bin/luajit)
==6480== 
==6480== Conditional jump or move depends on uninitialised value(s)
==6480==    at 0x5A113B8: __printf_fp_l (printf_fp.c:959)
==6480==    by 0x5A0BB81: printf_positional (vfprintf.c:2022)
==6480==    by 0x5A0D4A5: vfprintf (vfprintf.c:1677)
==6480==    by 0x5AD6713: __vsprintf_chk (vsprintf_chk.c:82)
==6480==    by 0x5AD666C: __sprintf_chk (sprintf_chk.c:31)
==6480==    by 0x434F56: lj_strfmt_num (in /home/cognitive/torch/install/bin/luajit)
==6480==    by 0x4782F1: lj_ff_tostring (in /home/cognitive/torch/install/bin/luajit)
==6480==    by 0x466CA0: lj_cf_dofile (in /home/cognitive/torch/install/bin/luajit)
==6480==    by 0x477979: lj_BC_FUNCC (in /home/cognitive/torch/install/bin/luajit)
==6480==    by 0x4659AC: lua_pcall (in /home/cognitive/torch/install/bin/luajit)
==6480==    by 0x40686E: pmain (in /home/cognitive/torch/install/bin/luajit)
==6480==    by 0x477979: lj_BC_FUNCC (in /home/cognitive/torch/install/bin/luajit)
==6480== 
==6480== Conditional jump or move depends on uninitialised value(s)
==6480==    at 0x5A113DB: __printf_fp_l (printf_fp.c:962)
==6480==    by 0x5A0BB81: printf_positional (vfprintf.c:2022)
==6480==    by 0x5A0D4A5: vfprintf (vfprintf.c:1677)
==6480==    by 0x5AD6713: __vsprintf_chk (vsprintf_chk.c:82)
==6480==    by 0x5AD666C: __sprintf_chk (sprintf_chk.c:31)
==6480==    by 0x434F56: lj_strfmt_num (in /home/cognitive/torch/install/bin/luajit)
==6480==    by 0x4782F1: lj_ff_tostring (in /home/cognitive/torch/install/bin/luajit)
==6480==    by 0x466CA0: lj_cf_dofile (in /home/cognitive/torch/install/bin/luajit)
==6480==    by 0x477979: lj_BC_FUNCC (in /home/cognitive/torch/install/bin/luajit)
==6480==    by 0x4659AC: lua_pcall (in /home/cognitive/torch/install/bin/luajit)
==6480==    by 0x40686E: pmain (in /home/cognitive/torch/install/bin/luajit)
==6480==    by 0x477979: lj_BC_FUNCC (in /home/cognitive/torch/install/bin/luajit)
==6480== 
==6480== Conditional jump or move depends on uninitialised value(s)
==6480==    at 0x5A1180A: __printf_fp_l (printf_fp.c:972)
==6480==    by 0x5A0BB81: printf_positional (vfprintf.c:2022)
==6480==    by 0x5A0D4A5: vfprintf (vfprintf.c:1677)
==6480==    by 0x5AD6713: __vsprintf_chk (vsprintf_chk.c:82)
==6480==    by 0x5AD666C: __sprintf_chk (sprintf_chk.c:31)
==6480==    by 0x434F56: lj_strfmt_num (in /home/cognitive/torch/install/bin/luajit)
==6480==    by 0x4782F1: lj_ff_tostring (in /home/cognitive/torch/install/bin/luajit)
==6480==    by 0x466CA0: lj_cf_dofile (in /home/cognitive/torch/install/bin/luajit)
==6480==    by 0x477979: lj_BC_FUNCC (in /home/cognitive/torch/install/bin/luajit)
==6480==    by 0x4659AC: lua_pcall (in /home/cognitive/torch/install/bin/luajit)
==6480==    by 0x40686E: pmain (in /home/cognitive/torch/install/bin/luajit)
==6480==    by 0x477979: lj_BC_FUNCC (in /home/cognitive/torch/install/bin/luajit)
==6480== 
==6480== Conditional jump or move depends on uninitialised value(s)
==6480==    at 0x5A1181E: __printf_fp_l (printf_fp.c:972)
==6480==    by 0x5A0BB81: printf_positional (vfprintf.c:2022)
==6480==    by 0x5A0D4A5: vfprintf (vfprintf.c:1677)
==6480==    by 0x5AD6713: __vsprintf_chk (vsprintf_chk.c:82)
==6480==    by 0x5AD666C: __sprintf_chk (sprintf_chk.c:31)
==6480==    by 0x434F56: lj_strfmt_num (in /home/cognitive/torch/install/bin/luajit)
==6480==    by 0x4782F1: lj_ff_tostring (in /home/cognitive/torch/install/bin/luajit)
==6480==    by 0x466CA0: lj_cf_dofile (in /home/cognitive/torch/install/bin/luajit)
==6480==    by 0x477979: lj_BC_FUNCC (in /home/cognitive/torch/install/bin/luajit)
==6480==    by 0x4659AC: lua_pcall (in /home/cognitive/torch/install/bin/luajit)
==6480==    by 0x40686E: pmain (in /home/cognitive/torch/install/bin/luajit)
==6480==    by 0x477979: lj_BC_FUNCC (in /home/cognitive/torch/install/bin/luajit)
==6480== 
==6480== Conditional jump or move depends on uninitialised value(s)
==6480==    at 0x5A11A8B: round_away (rounding-mode.h:52)
==6480==    by 0x5A11A8B: __printf_fp_l (printf_fp.c:979)
==6480==    by 0x5A0BB81: printf_positional (vfprintf.c:2022)
==6480==    by 0x5A0D4A5: vfprintf (vfprintf.c:1677)
==6480==    by 0x5AD6713: __vsprintf_chk (vsprintf_chk.c:82)
==6480==    by 0x5AD666C: __sprintf_chk (sprintf_chk.c:31)
==6480==    by 0x434F56: lj_strfmt_num (in /home/cognitive/torch/install/bin/luajit)
==6480==    by 0x4782F1: lj_ff_tostring (in /home/cognitive/torch/install/bin/luajit)
==6480==    by 0x466CA0: lj_cf_dofile (in /home/cognitive/torch/install/bin/luajit)
==6480==    by 0x477979: lj_BC_FUNCC (in /home/cognitive/torch/install/bin/luajit)
==6480==    by 0x4659AC: lua_pcall (in /home/cognitive/torch/install/bin/luajit)
==6480==    by 0x40686E: pmain (in /home/cognitive/torch/install/bin/luajit)
==6480==    by 0x477979: lj_BC_FUNCC (in /home/cognitive/torch/install/bin/luajit)
==6480== 
==6480== Conditional jump or move depends on uninitialised value(s)
==6480==    at 0x5A11452: __printf_fp_l (printf_fp.c:1078)
==6480==    by 0x5A0BB81: printf_positional (vfprintf.c:2022)
==6480==    by 0x5A0D4A5: vfprintf (vfprintf.c:1677)
==6480==    by 0x5AD6713: __vsprintf_chk (vsprintf_chk.c:82)
==6480==    by 0x5AD666C: __sprintf_chk (sprintf_chk.c:31)
==6480==    by 0x434F56: lj_strfmt_num (in /home/cognitive/torch/install/bin/luajit)
==6480==    by 0x4782F1: lj_ff_tostring (in /home/cognitive/torch/install/bin/luajit)
==6480==    by 0x466CA0: lj_cf_dofile (in /home/cognitive/torch/install/bin/luajit)
==6480==    by 0x477979: lj_BC_FUNCC (in /home/cognitive/torch/install/bin/luajit)
==6480==    by 0x4659AC: lua_pcall (in /home/cognitive/torch/install/bin/luajit)
==6480==    by 0x40686E: pmain (in /home/cognitive/torch/install/bin/luajit)
==6480==    by 0x477979: lj_BC_FUNCC (in /home/cognitive/torch/install/bin/luajit)
==6480== 
==6480== Conditional jump or move depends on uninitialised value(s)
==6480==    at 0x417B41: propagatemark (in /home/cognitive/torch/install/bin/luajit)
==6480==    by 0x4391B4: gc_onestep (in /home/cognitive/torch/install/bin/luajit)
==6480==    by 0x43983B: lj_gc_step (in /home/cognitive/torch/install/bin/luajit)
==6480==    by 0x462B04: lua_newuserdata (in /home/cognitive/torch/install/bin/luajit)
==6480==    by 0x695E2DB: luaT_pushudata (in /home/cognitive/torch/install/lib/libluaT.so.0)
==6480==    by 0x6614BF7: torch_DoubleTensor_new (in /home/cognitive/torch/install/lib/lua/5.1/libtorch.so)
==6480==    by 0x477979: lj_BC_FUNCC (in /home/cognitive/torch/install/bin/luajit)
==6480==    by 0x466CA0: lj_cf_dofile (in /home/cognitive/torch/install/bin/luajit)
==6480==    by 0x477979: lj_BC_FUNCC (in /home/cognitive/torch/install/bin/luajit)
==6480==    by 0x4659AC: lua_pcall (in /home/cognitive/torch/install/bin/luajit)
==6480==    by 0x40686E: pmain (in /home/cognitive/torch/install/bin/luajit)
==6480==    by 0x477979: lj_BC_FUNCC (in /home/cognitive/torch/install/bin/luajit)
==6480== 
==6480== Conditional jump or move depends on uninitialised value(s)
==6480==    at 0x417B41: propagatemark (in /home/cognitive/torch/install/bin/luajit)
==6480==    by 0x4392F7: gc_onestep (in /home/cognitive/torch/install/bin/luajit)
==6480==    by 0x43983B: lj_gc_step (in /home/cognitive/torch/install/bin/luajit)
==6480==    by 0x462B04: lua_newuserdata (in /home/cognitive/torch/install/bin/luajit)
==6480==    by 0x695E2DB: luaT_pushudata (in /home/cognitive/torch/install/lib/libluaT.so.0)
==6480==    by 0x6606682: torch_DoubleTensor___index__ (in /home/cognitive/torch/install/lib/lua/5.1/libtorch.so)
==6480==    by 0x477979: lj_BC_FUNCC (in /home/cognitive/torch/install/bin/luajit)
==6480==    by 0x695CAB5: luaT_mt__index (in /home/cognitive/torch/install/lib/libluaT.so.0)
==6480==    by 0x477979: lj_BC_FUNCC (in /home/cognitive/torch/install/bin/luajit)
==6480==    by 0x466CA0: lj_cf_dofile (in /home/cognitive/torch/install/bin/luajit)
==6480==    by 0x477979: lj_BC_FUNCC (in /home/cognitive/torch/install/bin/luajit)
==6480==    by 0x4659AC: lua_pcall (in /home/cognitive/torch/install/bin/luajit)
==6480== 
==6480== Conditional jump or move depends on uninitialised value(s)
==6480==    at 0x6CBEBA2: THDoubleTensor_maxall (in /home/cognitive/torch/install/lib/libTH.so.0)
==6480==    by 0x663D564: m_torch_DoubleTensor_max (in /home/cognitive/torch/install/lib/lua/5.1/libtorch.so)
==6480==    by 0x477979: lj_BC_FUNCC (in /home/cognitive/torch/install/bin/luajit)
==6480==    by 0x466CA0: lj_cf_dofile (in /home/cognitive/torch/install/bin/luajit)
==6480==    by 0x477979: lj_BC_FUNCC (in /home/cognitive/torch/install/bin/luajit)
==6480==    by 0x4659AC: lua_pcall (in /home/cognitive/torch/install/bin/luajit)
==6480==    by 0x40686E: pmain (in /home/cognitive/torch/install/bin/luajit)
==6480==    by 0x477979: lj_BC_FUNCC (in /home/cognitive/torch/install/bin/luajit)
==6480==    by 0x465A26: lua_cpcall (in /home/cognitive/torch/install/bin/luajit)
==6480==    by 0x404543: main (in /home/cognitive/torch/install/bin/luajit)
==6480== 
==6480== Conditional jump or move depends on uninitialised value(s)
==6480==    at 0x5A10786: __printf_fp_l (printf_fp.c:464)
==6480==    by 0x5A0BB81: printf_positional (vfprintf.c:2022)
==6480==    by 0x5A0D4A5: vfprintf (vfprintf.c:1677)
==6480==    by 0x5AD6713: __vsprintf_chk (vsprintf_chk.c:82)
==6480==    by 0x5AD666C: __sprintf_chk (sprintf_chk.c:31)
==6480==    by 0x434F56: lj_strfmt_num (in /home/cognitive/torch/install/bin/luajit)
==6480==    by 0x4782F1: lj_ff_tostring (in /home/cognitive/torch/install/bin/luajit)
==6480==    by 0x466CA0: lj_cf_dofile (in /home/cognitive/torch/install/bin/luajit)
==6480==    by 0x477979: lj_BC_FUNCC (in /home/cognitive/torch/install/bin/luajit)
==6480==    by 0x4659AC: lua_pcall (in /home/cognitive/torch/install/bin/luajit)
==6480==    by 0x40686E: pmain (in /home/cognitive/torch/install/bin/luajit)
==6480==    by 0x477979: lj_BC_FUNCC (in /home/cognitive/torch/install/bin/luajit)
==6480== 
==6480== Conditional jump or move depends on uninitialised value(s)
==6480==    at 0x5A1078E: __printf_fp_l (printf_fp.c:638)
==6480==    by 0x5A0BB81: printf_positional (vfprintf.c:2022)
==6480==    by 0x5A0D4A5: vfprintf (vfprintf.c:1677)
==6480==    by 0x5AD6713: __vsprintf_chk (vsprintf_chk.c:82)
==6480==    by 0x5AD666C: __sprintf_chk (sprintf_chk.c:31)
==6480==    by 0x434F56: lj_strfmt_num (in /home/cognitive/torch/install/bin/luajit)
==6480==    by 0x4782F1: lj_ff_tostring (in /home/cognitive/torch/install/bin/luajit)
==6480==    by 0x466CA0: lj_cf_dofile (in /home/cognitive/torch/install/bin/luajit)
==6480==    by 0x477979: lj_BC_FUNCC (in /home/cognitive/torch/install/bin/luajit)
==6480==    by 0x4659AC: lua_pcall (in /home/cognitive/torch/install/bin/luajit)
==6480==    by 0x40686E: pmain (in /home/cognitive/torch/install/bin/luajit)
==6480==    by 0x477979: lj_BC_FUNCC (in /home/cognitive/torch/install/bin/luajit)
==6480== 
==6480== Use of uninitialised value of size 8
==6480==    at 0x5A11F66: __printf_fp_l (printf_fp.c:646)
==6480==    by 0x5A0BB81: printf_positional (vfprintf.c:2022)
==6480==    by 0x5A0D4A5: vfprintf (vfprintf.c:1677)
==6480==    by 0x5AD6713: __vsprintf_chk (vsprintf_chk.c:82)
==6480==    by 0x5AD666C: __sprintf_chk (sprintf_chk.c:31)
==6480==    by 0x434F56: lj_strfmt_num (in /home/cognitive/torch/install/bin/luajit)
==6480==    by 0x4782F1: lj_ff_tostring (in /home/cognitive/torch/install/bin/luajit)
==6480==    by 0x466CA0: lj_cf_dofile (in /home/cognitive/torch/install/bin/luajit)
==6480==    by 0x477979: lj_BC_FUNCC (in /home/cognitive/torch/install/bin/luajit)
==6480==    by 0x4659AC: lua_pcall (in /home/cognitive/torch/install/bin/luajit)
==6480==    by 0x40686E: pmain (in /home/cognitive/torch/install/bin/luajit)
==6480==    by 0x477979: lj_BC_FUNCC (in /home/cognitive/torch/install/bin/luajit)
==6480== 
==6480== Use of uninitialised value of size 8
==6480==    at 0x5A08988: __mpn_lshift (lshift.S:59)
==6480==    by 0x5A11F6A: __printf_fp_l (printf_fp.c:646)
==6480==    by 0x5A0BB81: printf_positional (vfprintf.c:2022)
==6480==    by 0x5A0D4A5: vfprintf (vfprintf.c:1677)
==6480==    by 0x5AD6713: __vsprintf_chk (vsprintf_chk.c:82)
==6480==    by 0x5AD666C: __sprintf_chk (sprintf_chk.c:31)
==6480==    by 0x434F56: lj_strfmt_num (in /home/cognitive/torch/install/bin/luajit)
==6480==    by 0x4782F1: lj_ff_tostring (in /home/cognitive/torch/install/bin/luajit)
==6480==    by 0x466CA0: lj_cf_dofile (in /home/cognitive/torch/install/bin/luajit)
==6480==    by 0x477979: lj_BC_FUNCC (in /home/cognitive/torch/install/bin/luajit)
==6480==    by 0x4659AC: lua_pcall (in /home/cognitive/torch/install/bin/luajit)
==6480==    by 0x40686E: pmain (in /home/cognitive/torch/install/bin/luajit)
==6480== 
==6480== Use of uninitialised value of size 8
==6480==    at 0x5A0898B: __mpn_lshift (lshift.S:60)
==6480==    by 0x5A11F6A: __printf_fp_l (printf_fp.c:646)
==6480==    by 0x5A0BB81: printf_positional (vfprintf.c:2022)
==6480==    by 0x5A0D4A5: vfprintf (vfprintf.c:1677)
==6480==    by 0x5AD6713: __vsprintf_chk (vsprintf_chk.c:82)
==6480==    by 0x5AD666C: __sprintf_chk (sprintf_chk.c:31)
==6480==    by 0x434F56: lj_strfmt_num (in /home/cognitive/torch/install/bin/luajit)
==6480==    by 0x4782F1: lj_ff_tostring (in /home/cognitive/torch/install/bin/luajit)
==6480==    by 0x466CA0: lj_cf_dofile (in /home/cognitive/torch/install/bin/luajit)
==6480==    by 0x477979: lj_BC_FUNCC (in /home/cognitive/torch/install/bin/luajit)
==6480==    by 0x4659AC: lua_pcall (in /home/cognitive/torch/install/bin/luajit)
==6480==    by 0x40686E: pmain (in /home/cognitive/torch/install/bin/luajit)
==6480== 
==6480== Use of uninitialised value of size 8
==6480==    at 0x5A11FA1: __printf_fp_l (printf_fp.c:647)
==6480==    by 0x5A0BB81: printf_positional (vfprintf.c:2022)
==6480==    by 0x5A0D4A5: vfprintf (vfprintf.c:1677)
==6480==    by 0x5AD6713: __vsprintf_chk (vsprintf_chk.c:82)
==6480==    by 0x5AD666C: __sprintf_chk (sprintf_chk.c:31)
==6480==    by 0x434F56: lj_strfmt_num (in /home/cognitive/torch/install/bin/luajit)
==6480==    by 0x4782F1: lj_ff_tostring (in /home/cognitive/torch/install/bin/luajit)
==6480==    by 0x466CA0: lj_cf_dofile (in /home/cognitive/torch/install/bin/luajit)
==6480==    by 0x477979: lj_BC_FUNCC (in /home/cognitive/torch/install/bin/luajit)
==6480==    by 0x4659AC: lua_pcall (in /home/cognitive/torch/install/bin/luajit)
==6480==    by 0x40686E: pmain (in /home/cognitive/torch/install/bin/luajit)
==6480==    by 0x477979: lj_BC_FUNCC (in /home/cognitive/torch/install/bin/luajit)
==6480== 
==6480== Conditional jump or move depends on uninitialised value(s)
==6480==    at 0x5A11FD0: __printf_fp_l (printf_fp.c:658)
==6480==    by 0x5A0BB81: printf_positional (vfprintf.c:2022)
==6480==    by 0x5A0D4A5: vfprintf (vfprintf.c:1677)
==6480==    by 0x5AD6713: __vsprintf_chk (vsprintf_chk.c:82)
==6480==    by 0x5AD666C: __sprintf_chk (sprintf_chk.c:31)
==6480==    by 0x434F56: lj_strfmt_num (in /home/cognitive/torch/install/bin/luajit)
==6480==    by 0x4782F1: lj_ff_tostring (in /home/cognitive/torch/install/bin/luajit)
==6480==    by 0x466CA0: lj_cf_dofile (in /home/cognitive/torch/install/bin/luajit)
==6480==    by 0x477979: lj_BC_FUNCC (in /home/cognitive/torch/install/bin/luajit)
==6480==    by 0x4659AC: lua_pcall (in /home/cognitive/torch/install/bin/luajit)
==6480==    by 0x40686E: pmain (in /home/cognitive/torch/install/bin/luajit)
==6480==    by 0x477979: lj_BC_FUNCC (in /home/cognitive/torch/install/bin/luajit)
==6480== 
==6480== Conditional jump or move depends on uninitialised value(s)
==6480==    at 0x5A1213C: __printf_fp_l (printf_fp.c:770)
==6480==    by 0x5A0BB81: printf_positional (vfprintf.c:2022)
==6480==    by 0x5A0D4A5: vfprintf (vfprintf.c:1677)
==6480==    by 0x5AD6713: __vsprintf_chk (vsprintf_chk.c:82)
==6480==    by 0x5AD666C: __sprintf_chk (sprintf_chk.c:31)
==6480==    by 0x434F56: lj_strfmt_num (in /home/cognitive/torch/install/bin/luajit)
==6480==    by 0x4782F1: lj_ff_tostring (in /home/cognitive/torch/install/bin/luajit)
==6480==    by 0x466CA0: lj_cf_dofile (in /home/cognitive/torch/install/bin/luajit)
==6480==    by 0x477979: lj_BC_FUNCC (in /home/cognitive/torch/install/bin/luajit)
==6480==    by 0x4659AC: lua_pcall (in /home/cognitive/torch/install/bin/luajit)
==6480==    by 0x40686E: pmain (in /home/cognitive/torch/install/bin/luajit)
==6480==    by 0x477979: lj_BC_FUNCC (in /home/cognitive/torch/install/bin/luajit)
==6480== 
==6480== Use of uninitialised value of size 8
==6480==    at 0x5A08FA4: __mpn_mul_1 (mul_1.S:36)
==6480==    by 0x5A08BE9: __mpn_mul (mul.c:81)
==6480==    by 0x5A12172: __printf_fp_l (printf_fp.c:671)
==6480==    by 0x5A0BB81: printf_positional (vfprintf.c:2022)
==6480==    by 0x5A0D4A5: vfprintf (vfprintf.c:1677)
==6480==    by 0x5AD6713: __vsprintf_chk (vsprintf_chk.c:82)
==6480==    by 0x5AD666C: __sprintf_chk (sprintf_chk.c:31)
==6480==    by 0x434F56: lj_strfmt_num (in /home/cognitive/torch/install/bin/luajit)
==6480==    by 0x4782F1: lj_ff_tostring (in /home/cognitive/torch/install/bin/luajit)
==6480==    by 0x466CA0: lj_cf_dofile (in /home/cognitive/torch/install/bin/luajit)
==6480==    by 0x477979: lj_BC_FUNCC (in /home/cognitive/torch/install/bin/luajit)
==6480==    by 0x4659AC: lua_pcall (in /home/cognitive/torch/install/bin/luajit)
==6480== 
==6480== Use of uninitialised value of size 8
==6480==    at 0x5A0902F: __mpn_mul_1 (mul_1.S:85)
==6480==    by 0x5A08BE9: __mpn_mul (mul.c:81)
==6480==    by 0x5A12172: __printf_fp_l (printf_fp.c:671)
==6480==    by 0x5A0BB81: printf_positional (vfprintf.c:2022)
==6480==    by 0x5A0D4A5: vfprintf (vfprintf.c:1677)
==6480==    by 0x5AD6713: __vsprintf_chk (vsprintf_chk.c:82)
==6480==    by 0x5AD666C: __sprintf_chk (sprintf_chk.c:31)
==6480==    by 0x434F56: lj_strfmt_num (in /home/cognitive/torch/install/bin/luajit)
==6480==    by 0x4782F1: lj_ff_tostring (in /home/cognitive/torch/install/bin/luajit)
==6480==    by 0x466CA0: lj_cf_dofile (in /home/cognitive/torch/install/bin/luajit)
==6480==    by 0x477979: lj_BC_FUNCC (in /home/cognitive/torch/install/bin/luajit)
==6480==    by 0x4659AC: lua_pcall (in /home/cognitive/torch/install/bin/luajit)
==6480== 
==6480== Use of uninitialised value of size 8
==6480==    at 0x5A090A2: __mpn_mul_1 (mul_1.S:117)
==6480==    by 0x5A08BE9: __mpn_mul (mul.c:81)
==6480==    by 0x5A12172: __printf_fp_l (printf_fp.c:671)
==6480==    by 0x5A0BB81: printf_positional (vfprintf.c:2022)
==6480==    by 0x5A0D4A5: vfprintf (vfprintf.c:1677)
==6480==    by 0x5AD6713: __vsprintf_chk (vsprintf_chk.c:82)
==6480==    by 0x5AD666C: __sprintf_chk (sprintf_chk.c:31)
==6480==    by 0x434F56: lj_strfmt_num (in /home/cognitive/torch/install/bin/luajit)
==6480==    by 0x4782F1: lj_ff_tostring (in /home/cognitive/torch/install/bin/luajit)
==6480==    by 0x466CA0: lj_cf_dofile (in /home/cognitive/torch/install/bin/luajit)
==6480==    by 0x477979: lj_BC_FUNCC (in /home/cognitive/torch/install/bin/luajit)
==6480==    by 0x4659AC: lua_pcall (in /home/cognitive/torch/install/bin/luajit)
==6480== 
==6480== Use of uninitialised value of size 8
==6480==    at 0x5A08BFA: __mpn_mul (mul.c:83)
==6480==    by 0x5A12172: __printf_fp_l (printf_fp.c:671)
==6480==    by 0x5A0BB81: printf_positional (vfprintf.c:2022)
==6480==    by 0x5A0D4A5: vfprintf (vfprintf.c:1677)
==6480==    by 0x5AD6713: __vsprintf_chk (vsprintf_chk.c:82)
==6480==    by 0x5AD666C: __sprintf_chk (sprintf_chk.c:31)
==6480==    by 0x434F56: lj_strfmt_num (in /home/cognitive/torch/install/bin/luajit)
==6480==    by 0x4782F1: lj_ff_tostring (in /home/cognitive/torch/install/bin/luajit)
==6480==    by 0x466CA0: lj_cf_dofile (in /home/cognitive/torch/install/bin/luajit)
==6480==    by 0x477979: lj_BC_FUNCC (in /home/cognitive/torch/install/bin/luajit)
==6480==    by 0x4659AC: lua_pcall (in /home/cognitive/torch/install/bin/luajit)
==6480==    by 0x40686E: pmain (in /home/cognitive/torch/install/bin/luajit)
==6480== 
==6480== Conditional jump or move depends on uninitialised value(s)
==6480==    at 0x5A1201C: __printf_fp_l (printf_fp.c:675)
==6480==    by 0x5A0BB81: printf_positional (vfprintf.c:2022)
==6480==    by 0x5A0D4A5: vfprintf (vfprintf.c:1677)
==6480==    by 0x5AD6713: __vsprintf_chk (vsprintf_chk.c:82)
==6480==    by 0x5AD666C: __sprintf_chk (sprintf_chk.c:31)
==6480==    by 0x434F56: lj_strfmt_num (in /home/cognitive/torch/install/bin/luajit)
==6480==    by 0x4782F1: lj_ff_tostring (in /home/cognitive/torch/install/bin/luajit)
==6480==    by 0x466CA0: lj_cf_dofile (in /home/cognitive/torch/install/bin/luajit)
==6480==    by 0x477979: lj_BC_FUNCC (in /home/cognitive/torch/install/bin/luajit)
==6480==    by 0x4659AC: lua_pcall (in /home/cognitive/torch/install/bin/luajit)
==6480==    by 0x40686E: pmain (in /home/cognitive/torch/install/bin/luajit)
==6480==    by 0x477979: lj_BC_FUNCC (in /home/cognitive/torch/install/bin/luajit)
==6480== 
==6480== Use of uninitialised value of size 8
==6480==    at 0x5A1204C: __printf_fp_l (printf_fp.c:678)
==6480==    by 0x5A0BB81: printf_positional (vfprintf.c:2022)
==6480==    by 0x5A0D4A5: vfprintf (vfprintf.c:1677)
==6480==    by 0x5AD6713: __vsprintf_chk (vsprintf_chk.c:82)
==6480==    by 0x5AD666C: __sprintf_chk (sprintf_chk.c:31)
==6480==    by 0x434F56: lj_strfmt_num (in /home/cognitive/torch/install/bin/luajit)
==6480==    by 0x4782F1: lj_ff_tostring (in /home/cognitive/torch/install/bin/luajit)
==6480==    by 0x466CA0: lj_cf_dofile (in /home/cognitive/torch/install/bin/luajit)
==6480==    by 0x477979: lj_BC_FUNCC (in /home/cognitive/torch/install/bin/luajit)
==6480==    by 0x4659AC: lua_pcall (in /home/cognitive/torch/install/bin/luajit)
==6480==    by 0x40686E: pmain (in /home/cognitive/torch/install/bin/luajit)
==6480==    by 0x477979: lj_BC_FUNCC (in /home/cognitive/torch/install/bin/luajit)
==6480== 
==6480== Conditional jump or move depends on uninitialised value(s)
==6480==    at 0x5A1206A: __printf_fp_l (printf_fp.c:687)
==6480==    by 0x5A0BB81: printf_positional (vfprintf.c:2022)
==6480==    by 0x5A0D4A5: vfprintf (vfprintf.c:1677)
==6480==    by 0x5AD6713: __vsprintf_chk (vsprintf_chk.c:82)
==6480==    by 0x5AD666C: __sprintf_chk (sprintf_chk.c:31)
==6480==    by 0x434F56: lj_strfmt_num (in /home/cognitive/torch/install/bin/luajit)
==6480==    by 0x4782F1: lj_ff_tostring (in /home/cognitive/torch/install/bin/luajit)
==6480==    by 0x466CA0: lj_cf_dofile (in /home/cognitive/torch/install/bin/luajit)
==6480==    by 0x477979: lj_BC_FUNCC (in /home/cognitive/torch/install/bin/luajit)
==6480==    by 0x4659AC: lua_pcall (in /home/cognitive/torch/install/bin/luajit)
==6480==    by 0x40686E: pmain (in /home/cognitive/torch/install/bin/luajit)
==6480==    by 0x477979: lj_BC_FUNCC (in /home/cognitive/torch/install/bin/luajit)
==6480== 
==6480== Conditional jump or move depends on uninitialised value(s)
==6480==    at 0x5A12077: __printf_fp_l (printf_fp.c:709)
==6480==    by 0x5A0BB81: printf_positional (vfprintf.c:2022)
==6480==    by 0x5A0D4A5: vfprintf (vfprintf.c:1677)
==6480==    by 0x5AD6713: __vsprintf_chk (vsprintf_chk.c:82)
==6480==    by 0x5AD666C: __sprintf_chk (sprintf_chk.c:31)
==6480==    by 0x434F56: lj_strfmt_num (in /home/cognitive/torch/install/bin/luajit)
==6480==    by 0x4782F1: lj_ff_tostring (in /home/cognitive/torch/install/bin/luajit)
==6480==    by 0x466CA0: lj_cf_dofile (in /home/cognitive/torch/install/bin/luajit)
==6480==    by 0x477979: lj_BC_FUNCC (in /home/cognitive/torch/install/bin/luajit)
==6480==    by 0x4659AC: lua_pcall (in /home/cognitive/torch/install/bin/luajit)
==6480==    by 0x40686E: pmain (in /home/cognitive/torch/install/bin/luajit)
==6480==    by 0x477979: lj_BC_FUNCC (in /home/cognitive/torch/install/bin/luajit)
==6480== 
==6480== Use of uninitialised value of size 8
==6480==    at 0x5A120A0: __printf_fp_l (printf_fp.c:726)
==6480==    by 0x5A0BB81: printf_positional (vfprintf.c:2022)
==6480==    by 0x5A0D4A5: vfprintf (vfprintf.c:1677)
==6480==    by 0x5AD6713: __vsprintf_chk (vsprintf_chk.c:82)
==6480==    by 0x5AD666C: __sprintf_chk (sprintf_chk.c:31)
==6480==    by 0x434F56: lj_strfmt_num (in /home/cognitive/torch/install/bin/luajit)
==6480==    by 0x4782F1: lj_ff_tostring (in /home/cognitive/torch/install/bin/luajit)
==6480==    by 0x466CA0: lj_cf_dofile (in /home/cognitive/torch/install/bin/luajit)
==6480==    by 0x477979: lj_BC_FUNCC (in /home/cognitive/torch/install/bin/luajit)
==6480==    by 0x4659AC: lua_pcall (in /home/cognitive/torch/install/bin/luajit)
==6480==    by 0x40686E: pmain (in /home/cognitive/torch/install/bin/luajit)
==6480==    by 0x477979: lj_BC_FUNCC (in /home/cognitive/torch/install/bin/luajit)
==6480== 
==6480== Conditional jump or move depends on uninitialised value(s)
==6480==    at 0x5A120A6: __printf_fp_l (printf_fp.c:726)
==6480==    by 0x5A0BB81: printf_positional (vfprintf.c:2022)
==6480==    by 0x5A0D4A5: vfprintf (vfprintf.c:1677)
==6480==    by 0x5AD6713: __vsprintf_chk (vsprintf_chk.c:82)
==6480==    by 0x5AD666C: __sprintf_chk (sprintf_chk.c:31)
==6480==    by 0x434F56: lj_strfmt_num (in /home/cognitive/torch/install/bin/luajit)
==6480==    by 0x4782F1: lj_ff_tostring (in /home/cognitive/torch/install/bin/luajit)
==6480==    by 0x466CA0: lj_cf_dofile (in /home/cognitive/torch/install/bin/luajit)
==6480==    by 0x477979: lj_BC_FUNCC (in /home/cognitive/torch/install/bin/luajit)
==6480==    by 0x4659AC: lua_pcall (in /home/cognitive/torch/install/bin/luajit)
==6480==    by 0x40686E: pmain (in /home/cognitive/torch/install/bin/luajit)
==6480==    by 0x477979: lj_BC_FUNCC (in /home/cognitive/torch/install/bin/luajit)
==6480== 
==6480== Conditional jump or move depends on uninitialised value(s)
==6480==    at 0x5A127F5: __printf_fp_l (printf_fp.c:727)
==6480==    by 0x5A0BB81: printf_positional (vfprintf.c:2022)
==6480==    by 0x5A0D4A5: vfprintf (vfprintf.c:1677)
==6480==    by 0x5AD6713: __vsprintf_chk (vsprintf_chk.c:82)
==6480==    by 0x5AD666C: __sprintf_chk (sprintf_chk.c:31)
==6480==    by 0x434F56: lj_strfmt_num (in /home/cognitive/torch/install/bin/luajit)
==6480==    by 0x4782F1: lj_ff_tostring (in /home/cognitive/torch/install/bin/luajit)
==6480==    by 0x466CA0: lj_cf_dofile (in /home/cognitive/torch/install/bin/luajit)
==6480==    by 0x477979: lj_BC_FUNCC (in /home/cognitive/torch/install/bin/luajit)
==6480==    by 0x4659AC: lua_pcall (in /home/cognitive/torch/install/bin/luajit)
==6480==    by 0x40686E: pmain (in /home/cognitive/torch/install/bin/luajit)
==6480==    by 0x477979: lj_BC_FUNCC (in /home/cognitive/torch/install/bin/luajit)
==6480== 
==6480== Conditional jump or move depends on uninitialised value(s)
==6480==    at 0x5A1280C: __printf_fp_l (printf_fp.c:737)
==6480==    by 0x5A0BB81: printf_positional (vfprintf.c:2022)
==6480==    by 0x5A0D4A5: vfprintf (vfprintf.c:1677)
==6480==    by 0x5AD6713: __vsprintf_chk (vsprintf_chk.c:82)
==6480==    by 0x5AD666C: __sprintf_chk (sprintf_chk.c:31)
==6480==    by 0x434F56: lj_strfmt_num (in /home/cognitive/torch/install/bin/luajit)
==6480==    by 0x4782F1: lj_ff_tostring (in /home/cognitive/torch/install/bin/luajit)
==6480==    by 0x466CA0: lj_cf_dofile (in /home/cognitive/torch/install/bin/luajit)
==6480==    by 0x477979: lj_BC_FUNCC (in /home/cognitive/torch/install/bin/luajit)
==6480==    by 0x4659AC: lua_pcall (in /home/cognitive/torch/install/bin/luajit)
==6480==    by 0x40686E: pmain (in /home/cognitive/torch/install/bin/luajit)
==6480==    by 0x477979: lj_BC_FUNCC (in /home/cognitive/torch/install/bin/luajit)
==6480== 
==6480== Use of uninitialised value of size 8
==6480==    at 0x5A08A98: __mpn_rshift (rshift.S:62)
==6480==    by 0x5A12118: __printf_fp_l (printf_fp.c:760)
==6480==    by 0x5A0BB81: printf_positional (vfprintf.c:2022)
==6480==    by 0x5A0D4A5: vfprintf (vfprintf.c:1677)
==6480==    by 0x5AD6713: __vsprintf_chk (vsprintf_chk.c:82)
==6480==    by 0x5AD666C: __sprintf_chk (sprintf_chk.c:31)
==6480==    by 0x434F56: lj_strfmt_num (in /home/cognitive/torch/install/bin/luajit)
==6480==    by 0x4782F1: lj_ff_tostring (in /home/cognitive/torch/install/bin/luajit)
==6480==    by 0x466CA0: lj_cf_dofile (in /home/cognitive/torch/install/bin/luajit)
==6480==    by 0x477979: lj_BC_FUNCC (in /home/cognitive/torch/install/bin/luajit)
==6480==    by 0x4659AC: lua_pcall (in /home/cognitive/torch/install/bin/luajit)
==6480==    by 0x40686E: pmain (in /home/cognitive/torch/install/bin/luajit)
==6480== 
==6480== Use of uninitialised value of size 8
==6480==    at 0x5A08ABD: __mpn_rshift (rshift.S:73)
==6480==    by 0x5A12118: __printf_fp_l (printf_fp.c:760)
==6480==    by 0x5A0BB81: printf_positional (vfprintf.c:2022)
==6480==    by 0x5A0D4A5: vfprintf (vfprintf.c:1677)
==6480==    by 0x5AD6713: __vsprintf_chk (vsprintf_chk.c:82)
==6480==    by 0x5AD666C: __sprintf_chk (sprintf_chk.c:31)
==6480==    by 0x434F56: lj_strfmt_num (in /home/cognitive/torch/install/bin/luajit)
==6480==    by 0x4782F1: lj_ff_tostring (in /home/cognitive/torch/install/bin/luajit)
==6480==    by 0x466CA0: lj_cf_dofile (in /home/cognitive/torch/install/bin/luajit)
==6480==    by 0x477979: lj_BC_FUNCC (in /home/cognitive/torch/install/bin/luajit)
==6480==    by 0x4659AC: lua_pcall (in /home/cognitive/torch/install/bin/luajit)
==6480==    by 0x40686E: pmain (in /home/cognitive/torch/install/bin/luajit)
==6480== 
==6480== Conditional jump or move depends on uninitialised value(s)
==6480==    at 0x5A124BA: __printf_fp_l (printf_fp.c:772)
==6480==    by 0x5A0BB81: printf_positional (vfprintf.c:2022)
==6480==    by 0x5A0D4A5: vfprintf (vfprintf.c:1677)
==6480==    by 0x5AD6713: __vsprintf_chk (vsprintf_chk.c:82)
==6480==    by 0x5AD666C: __sprintf_chk (sprintf_chk.c:31)
==6480==    by 0x434F56: lj_strfmt_num (in /home/cognitive/torch/install/bin/luajit)
==6480==    by 0x4782F1: lj_ff_tostring (in /home/cognitive/torch/install/bin/luajit)
==6480==    by 0x466CA0: lj_cf_dofile (in /home/cognitive/torch/install/bin/luajit)
==6480==    by 0x477979: lj_BC_FUNCC (in /home/cognitive/torch/install/bin/luajit)
==6480==    by 0x4659AC: lua_pcall (in /home/cognitive/torch/install/bin/luajit)
==6480==    by 0x40686E: pmain (in /home/cognitive/torch/install/bin/luajit)
==6480==    by 0x477979: lj_BC_FUNCC (in /home/cognitive/torch/install/bin/luajit)
==6480== 
==6480== Use of uninitialised value of size 8
==6480==    at 0x5A08FA4: __mpn_mul_1 (mul_1.S:36)
==6480==    by 0x5A124D5: __printf_fp_l (printf_fp.c:776)
==6480==    by 0x5A0BB81: printf_positional (vfprintf.c:2022)
==6480==    by 0x5A0D4A5: vfprintf (vfprintf.c:1677)
==6480==    by 0x5AD6713: __vsprintf_chk (vsprintf_chk.c:82)
==6480==    by 0x5AD666C: __sprintf_chk (sprintf_chk.c:31)
==6480==    by 0x434F56: lj_strfmt_num (in /home/cognitive/torch/install/bin/luajit)
==6480==    by 0x4782F1: lj_ff_tostring (in /home/cognitive/torch/install/bin/luajit)
==6480==    by 0x466CA0: lj_cf_dofile (in /home/cognitive/torch/install/bin/luajit)
==6480==    by 0x477979: lj_BC_FUNCC (in /home/cognitive/torch/install/bin/luajit)
==6480==    by 0x4659AC: lua_pcall (in /home/cognitive/torch/install/bin/luajit)
==6480==    by 0x40686E: pmain (in /home/cognitive/torch/install/bin/luajit)
==6480== 
==6480== Use of uninitialised value of size 8
==6480==    at 0x5A0902F: __mpn_mul_1 (mul_1.S:85)
==6480==    by 0x5A124D5: __printf_fp_l (printf_fp.c:776)
==6480==    by 0x5A0BB81: printf_positional (vfprintf.c:2022)
==6480==    by 0x5A0D4A5: vfprintf (vfprintf.c:1677)
==6480==    by 0x5AD6713: __vsprintf_chk (vsprintf_chk.c:82)
==6480==    by 0x5AD666C: __sprintf_chk (sprintf_chk.c:31)
==6480==    by 0x434F56: lj_strfmt_num (in /home/cognitive/torch/install/bin/luajit)
==6480==    by 0x4782F1: lj_ff_tostring (in /home/cognitive/torch/install/bin/luajit)
==6480==    by 0x466CA0: lj_cf_dofile (in /home/cognitive/torch/install/bin/luajit)
==6480==    by 0x477979: lj_BC_FUNCC (in /home/cognitive/torch/install/bin/luajit)
==6480==    by 0x4659AC: lua_pcall (in /home/cognitive/torch/install/bin/luajit)
==6480==    by 0x40686E: pmain (in /home/cognitive/torch/install/bin/luajit)
==6480== 
==6480== Use of uninitialised value of size 8
==6480==    at 0x5A090A2: __mpn_mul_1 (mul_1.S:117)
==6480==    by 0x5A124D5: __printf_fp_l (printf_fp.c:776)
==6480==    by 0x5A0BB81: printf_positional (vfprintf.c:2022)
==6480==    by 0x5A0D4A5: vfprintf (vfprintf.c:1677)
==6480==    by 0x5AD6713: __vsprintf_chk (vsprintf_chk.c:82)
==6480==    by 0x5AD666C: __sprintf_chk (sprintf_chk.c:31)
==6480==    by 0x434F56: lj_strfmt_num (in /home/cognitive/torch/install/bin/luajit)
==6480==    by 0x4782F1: lj_ff_tostring (in /home/cognitive/torch/install/bin/luajit)
==6480==    by 0x466CA0: lj_cf_dofile (in /home/cognitive/torch/install/bin/luajit)
==6480==    by 0x477979: lj_BC_FUNCC (in /home/cognitive/torch/install/bin/luajit)
==6480==    by 0x4659AC: lua_pcall (in /home/cognitive/torch/install/bin/luajit)
==6480==    by 0x40686E: pmain (in /home/cognitive/torch/install/bin/luajit)
==6480== 
==6480== Use of uninitialised value of size 8
==6480==    at 0x5A124E9: __printf_fp_l (printf_fp.c:780)
==6480==    by 0x5A0BB81: printf_positional (vfprintf.c:2022)
==6480==    by 0x5A0D4A5: vfprintf (vfprintf.c:1677)
==6480==    by 0x5AD6713: __vsprintf_chk (vsprintf_chk.c:82)
==6480==    by 0x5AD666C: __sprintf_chk (sprintf_chk.c:31)
==6480==    by 0x434F56: lj_strfmt_num (in /home/cognitive/torch/install/bin/luajit)
==6480==    by 0x4782F1: lj_ff_tostring (in /home/cognitive/torch/install/bin/luajit)
==6480==    by 0x466CA0: lj_cf_dofile (in /home/cognitive/torch/install/bin/luajit)
==6480==    by 0x477979: lj_BC_FUNCC (in /home/cognitive/torch/install/bin/luajit)
==6480==    by 0x4659AC: lua_pcall (in /home/cognitive/torch/install/bin/luajit)
==6480==    by 0x40686E: pmain (in /home/cognitive/torch/install/bin/luajit)
==6480==    by 0x477979: lj_BC_FUNCC (in /home/cognitive/torch/install/bin/luajit)
==6480== 
==6480== Conditional jump or move depends on uninitialised value(s)
==6480==    at 0x5A124F8: __printf_fp_l (printf_fp.c:781)
==6480==    by 0x5A0BB81: printf_positional (vfprintf.c:2022)
==6480==    by 0x5A0D4A5: vfprintf (vfprintf.c:1677)
==6480==    by 0x5AD6713: __vsprintf_chk (vsprintf_chk.c:82)
==6480==    by 0x5AD666C: __sprintf_chk (sprintf_chk.c:31)
==6480==    by 0x434F56: lj_strfmt_num (in /home/cognitive/torch/install/bin/luajit)
==6480==    by 0x4782F1: lj_ff_tostring (in /home/cognitive/torch/install/bin/luajit)
==6480==    by 0x466CA0: lj_cf_dofile (in /home/cognitive/torch/install/bin/luajit)
==6480==    by 0x477979: lj_BC_FUNCC (in /home/cognitive/torch/install/bin/luajit)
==6480==    by 0x4659AC: lua_pcall (in /home/cognitive/torch/install/bin/luajit)
==6480==    by 0x40686E: pmain (in /home/cognitive/torch/install/bin/luajit)
==6480==    by 0x477979: lj_BC_FUNCC (in /home/cognitive/torch/install/bin/luajit)
==6480== 
==6480== Use of uninitialised value of size 8
==6480==    at 0x5A08A98: __mpn_rshift (rshift.S:62)
==6480==    by 0x5A128C3: __printf_fp_l (printf_fp.c:789)
==6480==    by 0x5A0BB81: printf_positional (vfprintf.c:2022)
==6480==    by 0x5A0D4A5: vfprintf (vfprintf.c:1677)
==6480==    by 0x5AD6713: __vsprintf_chk (vsprintf_chk.c:82)
==6480==    by 0x5AD666C: __sprintf_chk (sprintf_chk.c:31)
==6480==    by 0x434F56: lj_strfmt_num (in /home/cognitive/torch/install/bin/luajit)
==6480==    by 0x4782F1: lj_ff_tostring (in /home/cognitive/torch/install/bin/luajit)
==6480==    by 0x466CA0: lj_cf_dofile (in /home/cognitive/torch/install/bin/luajit)
==6480==    by 0x477979: lj_BC_FUNCC (in /home/cognitive/torch/install/bin/luajit)
==6480==    by 0x4659AC: lua_pcall (in /home/cognitive/torch/install/bin/luajit)
==6480==    by 0x40686E: pmain (in /home/cognitive/torch/install/bin/luajit)
==6480== 
==6480== Use of uninitialised value of size 8
==6480==    at 0x5A08ABD: __mpn_rshift (rshift.S:73)
==6480==    by 0x5A128C3: __printf_fp_l (printf_fp.c:789)
==6480==    by 0x5A0BB81: printf_positional (vfprintf.c:2022)
==6480==    by 0x5A0D4A5: vfprintf (vfprintf.c:1677)
==6480==    by 0x5AD6713: __vsprintf_chk (vsprintf_chk.c:82)
==6480==    by 0x5AD666C: __sprintf_chk (sprintf_chk.c:31)
==6480==    by 0x434F56: lj_strfmt_num (in /home/cognitive/torch/install/bin/luajit)
==6480==    by 0x4782F1: lj_ff_tostring (in /home/cognitive/torch/install/bin/luajit)
==6480==    by 0x466CA0: lj_cf_dofile (in /home/cognitive/torch/install/bin/luajit)
==6480==    by 0x477979: lj_BC_FUNCC (in /home/cognitive/torch/install/bin/luajit)
==6480==    by 0x4659AC: lua_pcall (in /home/cognitive/torch/install/bin/luajit)
==6480==    by 0x40686E: pmain (in /home/cognitive/torch/install/bin/luajit)
==6480== 
==6480== Use of uninitialised value of size 8
==6480==    at 0x5A10189: hack_digit (printf_fp.c:176)
==6480==    by 0x5A1097B: __printf_fp_l (printf_fp.c:923)
==6480==    by 0x5A0BB81: printf_positional (vfprintf.c:2022)
==6480==    by 0x5A0D4A5: vfprintf (vfprintf.c:1677)
==6480==    by 0x5AD6713: __vsprintf_chk (vsprintf_chk.c:82)
==6480==    by 0x5AD666C: __sprintf_chk (sprintf_chk.c:31)
==6480==    by 0x434F56: lj_strfmt_num (in /home/cognitive/torch/install/bin/luajit)
==6480==    by 0x4782F1: lj_ff_tostring (in /home/cognitive/torch/install/bin/luajit)
==6480==    by 0x466CA0: lj_cf_dofile (in /home/cognitive/torch/install/bin/luajit)
==6480==    by 0x477979: lj_BC_FUNCC (in /home/cognitive/torch/install/bin/luajit)
==6480==    by 0x4659AC: lua_pcall (in /home/cognitive/torch/install/bin/luajit)
==6480==    by 0x40686E: pmain (in /home/cognitive/torch/install/bin/luajit)
==6480== 
==6480== Use of uninitialised value of size 8
==6480==    at 0x5A08FA4: __mpn_mul_1 (mul_1.S:36)
==6480==    by 0x5A10190: hack_digit (printf_fp.c:177)
==6480==    by 0x5A1097B: __printf_fp_l (printf_fp.c:923)
==6480==    by 0x5A0BB81: printf_positional (vfprintf.c:2022)
==6480==    by 0x5A0D4A5: vfprintf (vfprintf.c:1677)
==6480==    by 0x5AD6713: __vsprintf_chk (vsprintf_chk.c:82)
==6480==    by 0x5AD666C: __sprintf_chk (sprintf_chk.c:31)
==6480==    by 0x434F56: lj_strfmt_num (in /home/cognitive/torch/install/bin/luajit)
==6480==    by 0x4782F1: lj_ff_tostring (in /home/cognitive/torch/install/bin/luajit)
==6480==    by 0x466CA0: lj_cf_dofile (in /home/cognitive/torch/install/bin/luajit)
==6480==    by 0x477979: lj_BC_FUNCC (in /home/cognitive/torch/install/bin/luajit)
==6480==    by 0x4659AC: lua_pcall (in /home/cognitive/torch/install/bin/luajit)
==6480== 
==6480== Use of uninitialised value of size 8
==6480==    at 0x5A08FC8: __mpn_mul_1 (mul_1.S:52)
==6480==    by 0x5A10190: hack_digit (printf_fp.c:177)
==6480==    by 0x5A1097B: __printf_fp_l (printf_fp.c:923)
==6480==    by 0x5A0BB81: printf_positional (vfprintf.c:2022)
==6480==    by 0x5A0D4A5: vfprintf (vfprintf.c:1677)
==6480==    by 0x5AD6713: __vsprintf_chk (vsprintf_chk.c:82)
==6480==    by 0x5AD666C: __sprintf_chk (sprintf_chk.c:31)
==6480==    by 0x434F56: lj_strfmt_num (in /home/cognitive/torch/install/bin/luajit)
==6480==    by 0x4782F1: lj_ff_tostring (in /home/cognitive/torch/install/bin/luajit)
==6480==    by 0x466CA0: lj_cf_dofile (in /home/cognitive/torch/install/bin/luajit)
==6480==    by 0x477979: lj_BC_FUNCC (in /home/cognitive/torch/install/bin/luajit)
==6480==    by 0x4659AC: lua_pcall (in /home/cognitive/torch/install/bin/luajit)
==6480== 
==6480== Use of uninitialised value of size 8
==6480==    at 0x5A11369: hack_digit (printf_fp.c:176)
==6480==    by 0x5A11369: __printf_fp_l (printf_fp.c:947)
==6480==    by 0x5A0BB81: printf_positional (vfprintf.c:2022)
==6480==    by 0x5A0D4A5: vfprintf (vfprintf.c:1677)
==6480==    by 0x5AD6713: __vsprintf_chk (vsprintf_chk.c:82)
==6480==    by 0x5AD666C: __sprintf_chk (sprintf_chk.c:31)
==6480==    by 0x434F56: lj_strfmt_num (in /home/cognitive/torch/install/bin/luajit)
==6480==    by 0x4782F1: lj_ff_tostring (in /home/cognitive/torch/install/bin/luajit)
==6480==    by 0x466CA0: lj_cf_dofile (in /home/cognitive/torch/install/bin/luajit)
==6480==    by 0x477979: lj_BC_FUNCC (in /home/cognitive/torch/install/bin/luajit)
==6480==    by 0x4659AC: lua_pcall (in /home/cognitive/torch/install/bin/luajit)
==6480==    by 0x40686E: pmain (in /home/cognitive/torch/install/bin/luajit)
==6480==    by 0x477979: lj_BC_FUNCC (in /home/cognitive/torch/install/bin/luajit)
==6480== 
==6480== Use of uninitialised value of size 8
==6480==    at 0x5A08FA4: __mpn_mul_1 (mul_1.S:36)
==6480==    by 0x5A11370: hack_digit (printf_fp.c:177)
==6480==    by 0x5A11370: __printf_fp_l (printf_fp.c:947)
==6480==    by 0x5A0BB81: printf_positional (vfprintf.c:2022)
==6480==    by 0x5A0D4A5: vfprintf (vfprintf.c:1677)
==6480==    by 0x5AD6713: __vsprintf_chk (vsprintf_chk.c:82)
==6480==    by 0x5AD666C: __sprintf_chk (sprintf_chk.c:31)
==6480==    by 0x434F56: lj_strfmt_num (in /home/cognitive/torch/install/bin/luajit)
==6480==    by 0x4782F1: lj_ff_tostring (in /home/cognitive/torch/install/bin/luajit)
==6480==    by 0x466CA0: lj_cf_dofile (in /home/cognitive/torch/install/bin/luajit)
==6480==    by 0x477979: lj_BC_FUNCC (in /home/cognitive/torch/install/bin/luajit)
==6480==    by 0x4659AC: lua_pcall (in /home/cognitive/torch/install/bin/luajit)
==6480==    by 0x40686E: pmain (in /home/cognitive/torch/install/bin/luajit)
==6480== 
==6480== Use of uninitialised value of size 8
==6480==    at 0x5A08FC8: __mpn_mul_1 (mul_1.S:52)
==6480==    by 0x5A11370: hack_digit (printf_fp.c:177)
==6480==    by 0x5A11370: __printf_fp_l (printf_fp.c:947)
==6480==    by 0x5A0BB81: printf_positional (vfprintf.c:2022)
==6480==    by 0x5A0D4A5: vfprintf (vfprintf.c:1677)
==6480==    by 0x5AD6713: __vsprintf_chk (vsprintf_chk.c:82)
==6480==    by 0x5AD666C: __sprintf_chk (sprintf_chk.c:31)
==6480==    by 0x434F56: lj_strfmt_num (in /home/cognitive/torch/install/bin/luajit)
==6480==    by 0x4782F1: lj_ff_tostring (in /home/cognitive/torch/install/bin/luajit)
==6480==    by 0x466CA0: lj_cf_dofile (in /home/cognitive/torch/install/bin/luajit)
==6480==    by 0x477979: lj_BC_FUNCC (in /home/cognitive/torch/install/bin/luajit)
==6480==    by 0x4659AC: lua_pcall (in /home/cognitive/torch/install/bin/luajit)
==6480==    by 0x40686E: pmain (in /home/cognitive/torch/install/bin/luajit)
==6480== 
==6480== Use of uninitialised value of size 8
==6480==    at 0x5A10189: hack_digit (printf_fp.c:176)
==6480==    by 0x5A113D0: __printf_fp_l (printf_fp.c:960)
==6480==    by 0x5A0BB81: printf_positional (vfprintf.c:2022)
==6480==    by 0x5A0D4A5: vfprintf (vfprintf.c:1677)
==6480==    by 0x5AD6713: __vsprintf_chk (vsprintf_chk.c:82)
==6480==    by 0x5AD666C: __sprintf_chk (sprintf_chk.c:31)
==6480==    by 0x434F56: lj_strfmt_num (in /home/cognitive/torch/install/bin/luajit)
==6480==    by 0x4782F1: lj_ff_tostring (in /home/cognitive/torch/install/bin/luajit)
==6480==    by 0x466CA0: lj_cf_dofile (in /home/cognitive/torch/install/bin/luajit)
==6480==    by 0x477979: lj_BC_FUNCC (in /home/cognitive/torch/install/bin/luajit)
==6480==    by 0x4659AC: lua_pcall (in /home/cognitive/torch/install/bin/luajit)
==6480==    by 0x40686E: pmain (in /home/cognitive/torch/install/bin/luajit)
==6480== 
==6480== Use of uninitialised value of size 8
==6480==    at 0x5A08FA4: __mpn_mul_1 (mul_1.S:36)
==6480==    by 0x5A10190: hack_digit (printf_fp.c:177)
==6480==    by 0x5A113D0: __printf_fp_l (printf_fp.c:960)
==6480==    by 0x5A0BB81: printf_positional (vfprintf.c:2022)
==6480==    by 0x5A0D4A5: vfprintf (vfprintf.c:1677)
==6480==    by 0x5AD6713: __vsprintf_chk (vsprintf_chk.c:82)
==6480==    by 0x5AD666C: __sprintf_chk (sprintf_chk.c:31)
==6480==    by 0x434F56: lj_strfmt_num (in /home/cognitive/torch/install/bin/luajit)
==6480==    by 0x4782F1: lj_ff_tostring (in /home/cognitive/torch/install/bin/luajit)
==6480==    by 0x466CA0: lj_cf_dofile (in /home/cognitive/torch/install/bin/luajit)
==6480==    by 0x477979: lj_BC_FUNCC (in /home/cognitive/torch/install/bin/luajit)
==6480==    by 0x4659AC: lua_pcall (in /home/cognitive/torch/install/bin/luajit)
==6480== 
==6480== Use of uninitialised value of size 8
==6480==    at 0x5A08FC8: __mpn_mul_1 (mul_1.S:52)
==6480==    by 0x5A10190: hack_digit (printf_fp.c:177)
==6480==    by 0x5A113D0: __printf_fp_l (printf_fp.c:960)
==6480==    by 0x5A0BB81: printf_positional (vfprintf.c:2022)
==6480==    by 0x5A0D4A5: vfprintf (vfprintf.c:1677)
==6480==    by 0x5AD6713: __vsprintf_chk (vsprintf_chk.c:82)
==6480==    by 0x5AD666C: __sprintf_chk (sprintf_chk.c:31)
==6480==    by 0x434F56: lj_strfmt_num (in /home/cognitive/torch/install/bin/luajit)
==6480==    by 0x4782F1: lj_ff_tostring (in /home/cognitive/torch/install/bin/luajit)
==6480==    by 0x466CA0: lj_cf_dofile (in /home/cognitive/torch/install/bin/luajit)
==6480==    by 0x477979: lj_BC_FUNCC (in /home/cognitive/torch/install/bin/luajit)
==6480==    by 0x4659AC: lua_pcall (in /home/cognitive/torch/install/bin/luajit)
==6480== 
==6480== Conditional jump or move depends on uninitialised value(s)
==6480==    at 0x5A113E9: __printf_fp_l (printf_fp.c:962)
==6480==    by 0x5A0BB81: printf_positional (vfprintf.c:2022)
==6480==    by 0x5A0D4A5: vfprintf (vfprintf.c:1677)
==6480==    by 0x5AD6713: __vsprintf_chk (vsprintf_chk.c:82)
==6480==    by 0x5AD666C: __sprintf_chk (sprintf_chk.c:31)
==6480==    by 0x434F56: lj_strfmt_num (in /home/cognitive/torch/install/bin/luajit)
==6480==    by 0x4782F1: lj_ff_tostring (in /home/cognitive/torch/install/bin/luajit)
==6480==    by 0x466CA0: lj_cf_dofile (in /home/cognitive/torch/install/bin/luajit)
==6480==    by 0x477979: lj_BC_FUNCC (in /home/cognitive/torch/install/bin/luajit)
==6480==    by 0x4659AC: lua_pcall (in /home/cognitive/torch/install/bin/luajit)
==6480==    by 0x40686E: pmain (in /home/cognitive/torch/install/bin/luajit)
==6480==    by 0x477979: lj_BC_FUNCC (in /home/cognitive/torch/install/bin/luajit)
==6480== 
==6480== Conditional jump or move depends on uninitialised value(s)
==6480==    at 0x5A11A91: round_away (rounding-mode.h:52)
==6480==    by 0x5A11A91: __printf_fp_l (printf_fp.c:979)
==6480==    by 0x5A0BB81: printf_positional (vfprintf.c:2022)
==6480==    by 0x5A0D4A5: vfprintf (vfprintf.c:1677)
==6480==    by 0x5AD6713: __vsprintf_chk (vsprintf_chk.c:82)
==6480==    by 0x5AD666C: __sprintf_chk (sprintf_chk.c:31)
==6480==    by 0x434F56: lj_strfmt_num (in /home/cognitive/torch/install/bin/luajit)
==6480==    by 0x4782F1: lj_ff_tostring (in /home/cognitive/torch/install/bin/luajit)
==6480==    by 0x466CA0: lj_cf_dofile (in /home/cognitive/torch/install/bin/luajit)
==6480==    by 0x477979: lj_BC_FUNCC (in /home/cognitive/torch/install/bin/luajit)
==6480==    by 0x4659AC: lua_pcall (in /home/cognitive/torch/install/bin/luajit)
==6480==    by 0x40686E: pmain (in /home/cognitive/torch/install/bin/luajit)
==6480==    by 0x477979: lj_BC_FUNCC (in /home/cognitive/torch/install/bin/luajit)
==6480== 
==6480== Conditional jump or move depends on uninitialised value(s)
==6480==    at 0x5A11D0B: __printf_fp_l (printf_fp.c:989)
==6480==    by 0x5A0BB81: printf_positional (vfprintf.c:2022)
==6480==    by 0x5A0D4A5: vfprintf (vfprintf.c:1677)
==6480==    by 0x5AD6713: __vsprintf_chk (vsprintf_chk.c:82)
==6480==    by 0x5AD666C: __sprintf_chk (sprintf_chk.c:31)
==6480==    by 0x434F56: lj_strfmt_num (in /home/cognitive/torch/install/bin/luajit)
==6480==    by 0x4782F1: lj_ff_tostring (in /home/cognitive/torch/install/bin/luajit)
==6480==    by 0x466CA0: lj_cf_dofile (in /home/cognitive/torch/install/bin/luajit)
==6480==    by 0x477979: lj_BC_FUNCC (in /home/cognitive/torch/install/bin/luajit)
==6480==    by 0x4659AC: lua_pcall (in /home/cognitive/torch/install/bin/luajit)
==6480==    by 0x40686E: pmain (in /home/cognitive/torch/install/bin/luajit)
==6480==    by 0x477979: lj_BC_FUNCC (in /home/cognitive/torch/install/bin/luajit)
==6480== 
==6480== Conditional jump or move depends on uninitialised value(s)
==6480==    at 0x5A11D32: __printf_fp_l (printf_fp.c:989)
==6480==    by 0x5A0BB81: printf_positional (vfprintf.c:2022)
==6480==    by 0x5A0D4A5: vfprintf (vfprintf.c:1677)
==6480==    by 0x5AD6713: __vsprintf_chk (vsprintf_chk.c:82)
==6480==    by 0x5AD666C: __sprintf_chk (sprintf_chk.c:31)
==6480==    by 0x434F56: lj_strfmt_num (in /home/cognitive/torch/install/bin/luajit)
==6480==    by 0x4782F1: lj_ff_tostring (in /home/cognitive/torch/install/bin/luajit)
==6480==    by 0x466CA0: lj_cf_dofile (in /home/cognitive/torch/install/bin/luajit)
==6480==    by 0x477979: lj_BC_FUNCC (in /home/cognitive/torch/install/bin/luajit)
==6480==    by 0x4659AC: lua_pcall (in /home/cognitive/torch/install/bin/luajit)
==6480==    by 0x40686E: pmain (in /home/cognitive/torch/install/bin/luajit)
==6480==    by 0x477979: lj_BC_FUNCC (in /home/cognitive/torch/install/bin/luajit)
==6480== 
==6480== Conditional jump or move depends on uninitialised value(s)
==6480==    at 0x5A11D59: __printf_fp_l (printf_fp.c:1009)
==6480==    by 0x5A0BB81: printf_positional (vfprintf.c:2022)
==6480==    by 0x5A0D4A5: vfprintf (vfprintf.c:1677)
==6480==    by 0x5AD6713: __vsprintf_chk (vsprintf_chk.c:82)
==6480==    by 0x5AD666C: __sprintf_chk (sprintf_chk.c:31)
==6480==    by 0x434F56: lj_strfmt_num (in /home/cognitive/torch/install/bin/luajit)
==6480==    by 0x4782F1: lj_ff_tostring (in /home/cognitive/torch/install/bin/luajit)
==6480==    by 0x466CA0: lj_cf_dofile (in /home/cognitive/torch/install/bin/luajit)
==6480==    by 0x477979: lj_BC_FUNCC (in /home/cognitive/torch/install/bin/luajit)
==6480==    by 0x4659AC: lua_pcall (in /home/cognitive/torch/install/bin/luajit)
==6480==    by 0x40686E: pmain (in /home/cognitive/torch/install/bin/luajit)
==6480==    by 0x477979: lj_BC_FUNCC (in /home/cognitive/torch/install/bin/luajit)
==6480== 
==6480== Conditional jump or move depends on uninitialised value(s)
==6480==    at 0x5A119F1: __printf_fp_l (printf_fp.c:1210)
==6480==    by 0x5A0BB81: printf_positional (vfprintf.c:2022)
==6480==    by 0x5A0D4A5: vfprintf (vfprintf.c:1677)
==6480==    by 0x5AD6713: __vsprintf_chk (vsprintf_chk.c:82)
==6480==    by 0x5AD666C: __sprintf_chk (sprintf_chk.c:31)
==6480==    by 0x434F56: lj_strfmt_num (in /home/cognitive/torch/install/bin/luajit)
==6480==    by 0x4782F1: lj_ff_tostring (in /home/cognitive/torch/install/bin/luajit)
==6480==    by 0x466CA0: lj_cf_dofile (in /home/cognitive/torch/install/bin/luajit)
==6480==    by 0x477979: lj_BC_FUNCC (in /home/cognitive/torch/install/bin/luajit)
==6480==    by 0x4659AC: lua_pcall (in /home/cognitive/torch/install/bin/luajit)
==6480==    by 0x40686E: pmain (in /home/cognitive/torch/install/bin/luajit)
==6480==    by 0x477979: lj_BC_FUNCC (in /home/cognitive/torch/install/bin/luajit)
==6480== 
==6480== Conditional jump or move depends on uninitialised value(s)
==6480==    at 0x5A119D3: __printf_fp_l (printf_fp.c:1212)
==6480==    by 0x5A0BB81: printf_positional (vfprintf.c:2022)
==6480==    by 0x5A0D4A5: vfprintf (vfprintf.c:1677)
==6480==    by 0x5AD6713: __vsprintf_chk (vsprintf_chk.c:82)
==6480==    by 0x5AD666C: __sprintf_chk (sprintf_chk.c:31)
==6480==    by 0x434F56: lj_strfmt_num (in /home/cognitive/torch/install/bin/luajit)
==6480==    by 0x4782F1: lj_ff_tostring (in /home/cognitive/torch/install/bin/luajit)
==6480==    by 0x466CA0: lj_cf_dofile (in /home/cognitive/torch/install/bin/luajit)
==6480==    by 0x477979: lj_BC_FUNCC (in /home/cognitive/torch/install/bin/luajit)
==6480==    by 0x4659AC: lua_pcall (in /home/cognitive/torch/install/bin/luajit)
==6480==    by 0x40686E: pmain (in /home/cognitive/torch/install/bin/luajit)
==6480==    by 0x477979: lj_BC_FUNCC (in /home/cognitive/torch/install/bin/luajit)
==6480== 
==6480== Use of uninitialised value of size 8
==6480==    at 0x417322: lj_str_new (in /home/cognitive/torch/install/bin/luajit)
==6480==    by 0x434F6C: lj_strfmt_num (in /home/cognitive/torch/install/bin/luajit)
==6480==    by 0x4782F1: lj_ff_tostring (in /home/cognitive/torch/install/bin/luajit)
==6480==    by 0x466CA0: lj_cf_dofile (in /home/cognitive/torch/install/bin/luajit)
==6480==    by 0x477979: lj_BC_FUNCC (in /home/cognitive/torch/install/bin/luajit)
==6480==    by 0x4659AC: lua_pcall (in /home/cognitive/torch/install/bin/luajit)
==6480==    by 0x40686E: pmain (in /home/cognitive/torch/install/bin/luajit)
==6480==    by 0x477979: lj_BC_FUNCC (in /home/cognitive/torch/install/bin/luajit)
==6480==    by 0x465A26: lua_cpcall (in /home/cognitive/torch/install/bin/luajit)
==6480==    by 0x404543: main (in /home/cognitive/torch/install/bin/luajit)
==6480== 
==6480== Use of uninitialised value of size 8
==6480==    at 0x41744B: lj_str_new (in /home/cognitive/torch/install/bin/luajit)
==6480==    by 0x434F6C: lj_strfmt_num (in /home/cognitive/torch/install/bin/luajit)
==6480==    by 0x4782F1: lj_ff_tostring (in /home/cognitive/torch/install/bin/luajit)
==6480==    by 0x466CA0: lj_cf_dofile (in /home/cognitive/torch/install/bin/luajit)
==6480==    by 0x477979: lj_BC_FUNCC (in /home/cognitive/torch/install/bin/luajit)
==6480==    by 0x4659AC: lua_pcall (in /home/cognitive/torch/install/bin/luajit)
==6480==    by 0x40686E: pmain (in /home/cognitive/torch/install/bin/luajit)
==6480==    by 0x477979: lj_BC_FUNCC (in /home/cognitive/torch/install/bin/luajit)
==6480==    by 0x465A26: lua_cpcall (in /home/cognitive/torch/install/bin/luajit)
==6480==    by 0x404543: main (in /home/cognitive/torch/install/bin/luajit)
==6480== 
==6480== Use of uninitialised value of size 8
==6480==    at 0x417322: lj_str_new (in /home/cognitive/torch/install/bin/luajit)
==6480==    by 0x44F4D0: lj_cf_string_format (in /home/cognitive/torch/install/bin/luajit)
==6480==    by 0x477979: lj_BC_FUNCC (in /home/cognitive/torch/install/bin/luajit)
==6480==    by 0x466CA0: lj_cf_dofile (in /home/cognitive/torch/install/bin/luajit)
==6480==    by 0x477979: lj_BC_FUNCC (in /home/cognitive/torch/install/bin/luajit)
==6480==    by 0x4659AC: lua_pcall (in /home/cognitive/torch/install/bin/luajit)
==6480==    by 0x40686E: pmain (in /home/cognitive/torch/install/bin/luajit)
==6480==    by 0x477979: lj_BC_FUNCC (in /home/cognitive/torch/install/bin/luajit)
==6480==    by 0x465A26: lua_cpcall (in /home/cognitive/torch/install/bin/luajit)
==6480==    by 0x404543: main (in /home/cognitive/torch/install/bin/luajit)
==6480== 
==6480== Use of uninitialised value of size 8
==6480==    at 0x41744B: lj_str_new (in /home/cognitive/torch/install/bin/luajit)
==6480==    by 0x44F4D0: lj_cf_string_format (in /home/cognitive/torch/install/bin/luajit)
==6480==    by 0x477979: lj_BC_FUNCC (in /home/cognitive/torch/install/bin/luajit)
==6480==    by 0x466CA0: lj_cf_dofile (in /home/cognitive/torch/install/bin/luajit)
==6480==    by 0x477979: lj_BC_FUNCC (in /home/cognitive/torch/install/bin/luajit)
==6480==    by 0x4659AC: lua_pcall (in /home/cognitive/torch/install/bin/luajit)
==6480==    by 0x40686E: pmain (in /home/cognitive/torch/install/bin/luajit)
==6480==    by 0x477979: lj_BC_FUNCC (in /home/cognitive/torch/install/bin/luajit)
==6480==    by 0x465A26: lua_cpcall (in /home/cognitive/torch/install/bin/luajit)
==6480==    by 0x404543: main (in /home/cognitive/torch/install/bin/luajit)
==6480== 
==6480== Conditional jump or move depends on uninitialised value(s)
==6480==    at 0x417B41: propagatemark (in /home/cognitive/torch/install/bin/luajit)
==6480==    by 0x4391B4: gc_onestep (in /home/cognitive/torch/install/bin/luajit)
==6480==    by 0x43983B: lj_gc_step (in /home/cognitive/torch/install/bin/luajit)
==6480==    by 0x45F64C: lua_pushstring (in /home/cognitive/torch/install/bin/luajit)
==6480==    by 0x695F9EC: luaT_lua_typename (in /home/cognitive/torch/install/lib/libluaT.so.0)
==6480==    by 0x477979: lj_BC_FUNCC (in /home/cognitive/torch/install/bin/luajit)
==6480==    by 0x466CA0: lj_cf_dofile (in /home/cognitive/torch/install/bin/luajit)
==6480==    by 0x477979: lj_BC_FUNCC (in /home/cognitive/torch/install/bin/luajit)
==6480==    by 0x4659AC: lua_pcall (in /home/cognitive/torch/install/bin/luajit)
==6480==    by 0x40686E: pmain (in /home/cognitive/torch/install/bin/luajit)
==6480==    by 0x477979: lj_BC_FUNCC (in /home/cognitive/torch/install/bin/luajit)
==6480==    by 0x465A26: lua_cpcall (in /home/cognitive/torch/install/bin/luajit)
==6480== 
==6480== Conditional jump or move depends on uninitialised value(s)
==6480==    at 0x417B41: propagatemark (in /home/cognitive/torch/install/bin/luajit)
==6480==    by 0x4392F7: gc_onestep (in /home/cognitive/torch/install/bin/luajit)
==6480==    by 0x43983B: lj_gc_step (in /home/cognitive/torch/install/bin/luajit)
==6480==    by 0x45F64C: lua_pushstring (in /home/cognitive/torch/install/bin/luajit)
==6480==    by 0x695F9EC: luaT_lua_typename (in /home/cognitive/torch/install/lib/libluaT.so.0)
==6480==    by 0x477979: lj_BC_FUNCC (in /home/cognitive/torch/install/bin/luajit)
==6480==    by 0x466CA0: lj_cf_dofile (in /home/cognitive/torch/install/bin/luajit)
==6480==    by 0x477979: lj_BC_FUNCC (in /home/cognitive/torch/install/bin/luajit)
==6480==    by 0x4659AC: lua_pcall (in /home/cognitive/torch/install/bin/luajit)
==6480==    by 0x40686E: pmain (in /home/cognitive/torch/install/bin/luajit)
==6480==    by 0x477979: lj_BC_FUNCC (in /home/cognitive/torch/install/bin/luajit)
==6480==    by 0x465A26: lua_cpcall (in /home/cognitive/torch/install/bin/luajit)
==6480== 
